[2014-09-12 19:59:10]PHP_SELF:/muta/index.php
[2014-09-12 19:59:10]start-----------------------------
[2014-09-12 19:59:10]strpos:
[2014-09-12 19:59:10][session_expire]1440
[2014-09-12 19:59:10][cur_time]1410523150
[2014-09-12 19:59:10]end-----------------------------
[2014-09-12 19:59:10]PHP_SELF:/muta/login.php
[2014-09-12 19:59:22]PHP_SELF:/muta/login.php
[2014-09-12 19:59:23]PHP_SELF:/muta/index.php
[2014-09-12 19:59:23]start-----------------------------
[2014-09-12 19:59:23]strpos:
[2014-09-12 19:59:23][session_expire]1440
[2014-09-12 19:59:23][cur_time]1410523163
[2014-09-12 19:59:23][last_visit]1410523163
[2014-09-12 19:59:23]end-----------------------------
[2014-09-12 19:59:23]PHP_SELF:/muta/index.php
[2014-09-12 19:59:23]start-----------------------------
[2014-09-12 19:59:23]strpos:
[2014-09-12 19:59:23][session_expire]1440
[2014-09-12 19:59:23][cur_time]1410523163
[2014-09-12 19:59:23][last_visit]1410523163
[2014-09-12 19:59:23]end-----------------------------
[2014-09-12 19:59:23][error_msg show_wan]
[2014-09-12 19:59:23][rsp show_wan]
[2014-09-12 19:59:23][error_msg show_wifi_gateway]
[2014-09-12 19:59:23][rsp show_wifi_gateway]
[2014-09-12 19:59:23][error_msg show_wan]
[2014-09-12 19:59:23][rsp show_wan]
[2014-09-12 19:59:23][error_msg wifi_dev_num]
[2014-09-12 19:59:23][rsp wifi_dev_num]
[2014-09-12 19:59:23][error_msg wifi_dev_num]
[2014-09-12 19:59:23][rsp wifi_dev_num]
[2014-09-12 19:59:23][error_msg share_media]
[2014-09-12 19:59:23][rsp share_media]
[2014-09-12 19:59:23][error_msg share_storage]
[2014-09-12 19:59:23][rsp share_storage]
[2014-09-12 19:59:28]PHP_SELF:/muta/index.php
[2014-09-12 19:59:28]start-----------------------------
[2014-09-12 19:59:28]strpos:
[2014-09-12 19:59:28][session_expire]1440
[2014-09-12 19:59:28][cur_time]1410523168
[2014-09-12 19:59:28][last_visit]1410523163
[2014-09-12 19:59:28]end-----------------------------
[2014-09-12 19:59:28][error_msg show_wan]
[2014-09-12 19:59:28][rsp show_wan]
[2014-09-12 19:59:28][error_msg show_wifi_gateway]
[2014-09-12 19:59:28][rsp show_wifi_gateway]
[2014-09-12 19:59:28][error_msg show_wan]
[2014-09-12 19:59:28][rsp show_wan]
[2014-09-12 19:59:28][error_msg wifi_dev_num]
[2014-09-12 19:59:28][rsp wifi_dev_num]
[2014-09-12 19:59:28][error_msg wifi_dev_num]
[2014-09-12 19:59:28][rsp wifi_dev_num]
[2014-09-12 19:59:28][error_msg share_media]
[2014-09-12 19:59:28][rsp share_media]
[2014-09-12 19:59:28][error_msg share_storage]
[2014-09-12 19:59:28][rsp share_storage]
[2014-09-12 19:59:31]PHP_SELF:/muta/operation.php
[2014-09-12 19:59:31]start-----------------------------
[2014-09-12 19:59:31]strpos:
[2014-09-12 19:59:31][session_expire]1440
[2014-09-12 19:59:31][cur_time]1410523171
[2014-09-12 19:59:31][last_visit]1410523163
[2014-09-12 19:59:31]end-----------------------------
[2014-09-12 19:59:31]PHP_SELF:/muta/logout.php
[2014-09-12 19:59:31]PHP_SELF:/muta/login.php
[2014-09-12 19:59:47]PHP_SELF:/muta/login.php
[2014-09-12 19:59:47]PHP_SELF:/muta/index.php
[2014-09-12 19:59:47]start-----------------------------
[2014-09-12 19:59:47]strpos:
[2014-09-12 19:59:47][session_expire]1440
[2014-09-12 19:59:47][cur_time]1410523187
[2014-09-12 19:59:47][last_visit]1410523187
[2014-09-12 19:59:47]end-----------------------------
[2014-09-12 19:59:47]PHP_SELF:/muta/index.php
[2014-09-12 19:59:47]start-----------------------------
[2014-09-12 19:59:47]strpos:
[2014-09-12 19:59:47][session_expire]1440
[2014-09-12 19:59:47][cur_time]1410523187
[2014-09-12 19:59:47][last_visit]1410523187
[2014-09-12 19:59:47]end-----------------------------
[2014-09-12 19:59:47][error_msg show_wan]
[2014-09-12 19:59:47][rsp show_wan]
[2014-09-12 19:59:47][error_msg show_wifi_gateway]
[2014-09-12 19:59:47][rsp show_wifi_gateway]
[2014-09-12 19:59:47][error_msg show_wan]
[2014-09-12 19:59:47][rsp show_wan]
[2014-09-12 19:59:47][error_msg wifi_dev_num]
[2014-09-12 19:59:47][rsp wifi_dev_num]
[2014-09-12 19:59:47][error_msg wifi_dev_num]
[2014-09-12 19:59:47][rsp wifi_dev_num]
[2014-09-12 19:59:47][error_msg share_media]
[2014-09-12 19:59:47][rsp share_media]
[2014-09-12 19:59:47][error_msg share_storage]
[2014-09-12 19:59:47][rsp share_storage]
[2014-09-12 19:59:52]PHP_SELF:/muta/index.php
[2014-09-12 19:59:52]start-----------------------------
[2014-09-12 19:59:52]strpos:
[2014-09-12 19:59:52][session_expire]1440
[2014-09-12 19:59:52][cur_time]1410523192
[2014-09-12 19:59:52][last_visit]1410523187
[2014-09-12 19:59:52]end-----------------------------
[2014-09-12 19:59:52][error_msg show_wan]
[2014-09-12 19:59:52][rsp show_wan]
[2014-09-12 19:59:52][error_msg show_wifi_gateway]
[2014-09-12 19:59:52][rsp show_wifi_gateway]
[2014-09-12 19:59:52][error_msg show_wan]
[2014-09-12 19:59:52][rsp show_wan]
[2014-09-12 19:59:52][error_msg wifi_dev_num]
[2014-09-12 19:59:52][rsp wifi_dev_num]
[2014-09-12 19:59:52][error_msg wifi_dev_num]
[2014-09-12 19:59:52][rsp wifi_dev_num]
[2014-09-12 19:59:52][error_msg share_media]
[2014-09-12 19:59:52][rsp share_media]
[2014-09-12 19:59:52][error_msg share_storage]
[2014-09-12 19:59:52][rsp share_storage]
[2014-09-12 19:59:54]PHP_SELF:/muta/operation.php
[2014-09-12 19:59:54]start-----------------------------
[2014-09-12 19:59:54]strpos:
[2014-09-12 19:59:54][session_expire]1440
[2014-09-12 19:59:54][cur_time]1410523194
[2014-09-12 19:59:54][last_visit]1410523187
[2014-09-12 19:59:54]end-----------------------------
[2014-09-12 19:59:54]PHP_SELF:/muta/logout.php
[2014-09-12 19:59:54]PHP_SELF:/muta/login.php
[2014-09-12 20:01:58]PHP_SELF:/muta/login.php
[2014-09-12 20:01:59]PHP_SELF:/muta/index.php
[2014-09-12 20:01:59]start-----------------------------
[2014-09-12 20:01:59]strpos:
[2014-09-12 20:01:59][session_expire]1440
[2014-09-12 20:01:59][cur_time]1410523319
[2014-09-12 20:01:59][last_visit]1410523318
[2014-09-12 20:01:59]end-----------------------------
[2014-09-12 20:01:59]PHP_SELF:/muta/index.php
[2014-09-12 20:01:59]start-----------------------------
[2014-09-12 20:01:59]strpos:
[2014-09-12 20:01:59][session_expire]1440
[2014-09-12 20:01:59][cur_time]1410523319
[2014-09-12 20:01:59][last_visit]1410523319
[2014-09-12 20:01:59]end-----------------------------
[2014-09-12 20:01:59][error_msg show_wan]
[2014-09-12 20:01:59][rsp show_wan]
[2014-09-12 20:01:59][error_msg show_wifi_gateway]
[2014-09-12 20:01:59][rsp show_wifi_gateway]
[2014-09-12 20:01:59][error_msg show_wan]
[2014-09-12 20:01:59][rsp show_wan]
[2014-09-12 20:01:59][error_msg wifi_dev_num]
[2014-09-12 20:01:59][rsp wifi_dev_num]
[2014-09-12 20:01:59][error_msg wifi_dev_num]
[2014-09-12 20:01:59][rsp wifi_dev_num]
[2014-09-12 20:01:59][error_msg share_media]
[2014-09-12 20:01:59][rsp share_media]
[2014-09-12 20:01:59][error_msg share_storage]
[2014-09-12 20:01:59][rsp share_storage]
[2014-09-12 20:02:04]PHP_SELF:/muta/index.php
[2014-09-12 20:02:04]start-----------------------------
[2014-09-12 20:02:04]strpos:
[2014-09-12 20:02:04][session_expire]1440
[2014-09-12 20:02:04][cur_time]1410523324
[2014-09-12 20:02:04][last_visit]1410523319
[2014-09-12 20:02:04]end-----------------------------
[2014-09-12 20:02:04][error_msg show_wan]
[2014-09-12 20:02:04][rsp show_wan]
[2014-09-12 20:02:04][error_msg show_wifi_gateway]
[2014-09-12 20:02:04][rsp show_wifi_gateway]
[2014-09-12 20:02:04][error_msg show_wan]
[2014-09-12 20:02:04][rsp show_wan]
[2014-09-12 20:02:04][error_msg wifi_dev_num]
[2014-09-12 20:02:04][rsp wifi_dev_num]
[2014-09-12 20:02:04][error_msg wifi_dev_num]
[2014-09-12 20:02:04][rsp wifi_dev_num]
[2014-09-12 20:02:04][error_msg share_media]
[2014-09-12 20:02:04][rsp share_media]
[2014-09-12 20:02:04][error_msg share_storage]
[2014-09-12 20:02:04][rsp share_storage]
[2014-09-12 20:02:09]PHP_SELF:/muta/index.php
[2014-09-12 20:02:09]start-----------------------------
[2014-09-12 20:02:09]strpos:
[2014-09-12 20:02:09][session_expire]1440
[2014-09-12 20:02:09][cur_time]1410523329
[2014-09-12 20:02:09][last_visit]1410523319
[2014-09-12 20:02:09]end-----------------------------
[2014-09-12 20:02:09][error_msg show_wan]
[2014-09-12 20:02:09][rsp show_wan]
[2014-09-12 20:02:09][error_msg show_wifi_gateway]
[2014-09-12 20:02:09][rsp show_wifi_gateway]
[2014-09-12 20:02:09][error_msg show_wan]
[2014-09-12 20:02:09][rsp show_wan]
[2014-09-12 20:02:09][error_msg wifi_dev_num]
[2014-09-12 20:02:09][rsp wifi_dev_num]
[2014-09-12 20:02:09][error_msg wifi_dev_num]
[2014-09-12 20:02:09][rsp wifi_dev_num]
[2014-09-12 20:02:09][error_msg share_media]
[2014-09-12 20:02:09][rsp share_media]
[2014-09-12 20:02:09][error_msg share_storage]
[2014-09-12 20:02:09][rsp share_storage]
[2014-09-12 20:02:14]PHP_SELF:/muta/index.php
[2014-09-12 20:02:14]start-----------------------------
[2014-09-12 20:02:14]strpos:
[2014-09-12 20:02:14][session_expire]1440
[2014-09-12 20:02:14][cur_time]1410523334
[2014-09-12 20:02:14][last_visit]1410523319
[2014-09-12 20:02:14]end-----------------------------
[2014-09-12 20:02:14][error_msg show_wan]
[2014-09-12 20:02:14][rsp show_wan]
[2014-09-12 20:02:14][error_msg show_wifi_gateway]
[2014-09-12 20:02:14][rsp show_wifi_gateway]
[2014-09-12 20:02:14][error_msg show_wan]
[2014-09-12 20:02:14][rsp show_wan]
[2014-09-12 20:02:14][error_msg wifi_dev_num]
[2014-09-12 20:02:14][rsp wifi_dev_num]
[2014-09-12 20:02:14][error_msg wifi_dev_num]
[2014-09-12 20:02:14][rsp wifi_dev_num]
[2014-09-12 20:02:14][error_msg share_media]
[2014-09-12 20:02:14][rsp share_media]
[2014-09-12 20:02:14][error_msg share_storage]
[2014-09-12 20:02:14][rsp share_storage]
[2014-09-12 20:02:19]PHP_SELF:/muta/index.php
[2014-09-12 20:02:19]start-----------------------------
[2014-09-12 20:02:19]strpos:
[2014-09-12 20:02:19][session_expire]1440
[2014-09-12 20:02:19][cur_time]1410523339
[2014-09-12 20:02:19][last_visit]1410523319
[2014-09-12 20:02:19]end-----------------------------
[2014-09-12 20:02:19][error_msg show_wan]
[2014-09-12 20:02:19][rsp show_wan]
[2014-09-12 20:02:19][error_msg show_wifi_gateway]
[2014-09-12 20:02:19][rsp show_wifi_gateway]
[2014-09-12 20:02:19][error_msg show_wan]
[2014-09-12 20:02:19][rsp show_wan]
[2014-09-12 20:02:19][error_msg wifi_dev_num]
[2014-09-12 20:02:19][rsp wifi_dev_num]
[2014-09-12 20:02:19][error_msg wifi_dev_num]
[2014-09-12 20:02:19][rsp wifi_dev_num]
[2014-09-12 20:02:19][error_msg share_media]
[2014-09-12 20:02:19][rsp share_media]
[2014-09-12 20:02:19][error_msg share_storage]
[2014-09-12 20:02:19][rsp share_storage]
[2014-09-12 20:02:24]PHP_SELF:/muta/index.php
[2014-09-12 20:02:24]start-----------------------------
[2014-09-12 20:02:24]strpos:
[2014-09-12 20:02:24][session_expire]1440
[2014-09-12 20:02:24][cur_time]1410523344
[2014-09-12 20:02:24][last_visit]1410523319
[2014-09-12 20:02:24]end-----------------------------
[2014-09-12 20:02:24][error_msg show_wan]
[2014-09-12 20:02:24][rsp show_wan]
[2014-09-12 20:02:24][error_msg show_wifi_gateway]
[2014-09-12 20:02:24][rsp show_wifi_gateway]
[2014-09-12 20:02:24][error_msg show_wan]
[2014-09-12 20:02:24][rsp show_wan]
[2014-09-12 20:02:24][error_msg wifi_dev_num]
[2014-09-12 20:02:24][rsp wifi_dev_num]
[2014-09-12 20:02:24][error_msg wifi_dev_num]
[2014-09-12 20:02:24][rsp wifi_dev_num]
[2014-09-12 20:02:24][error_msg share_media]
[2014-09-12 20:02:24][rsp share_media]
[2014-09-12 20:02:24][error_msg share_storage]
[2014-09-12 20:02:24][rsp share_storage]
[2014-09-12 20:02:29]PHP_SELF:/muta/index.php
[2014-09-12 20:02:29]start-----------------------------
[2014-09-12 20:02:29]strpos:
[2014-09-12 20:02:29][session_expire]1440
[2014-09-12 20:02:29][cur_time]1410523349
[2014-09-12 20:02:29][last_visit]1410523319
[2014-09-12 20:02:29]end-----------------------------
[2014-09-12 20:02:29][error_msg show_wan]
[2014-09-12 20:02:29][rsp show_wan]
[2014-09-12 20:02:29][error_msg show_wifi_gateway]
[2014-09-12 20:02:29][rsp show_wifi_gateway]
[2014-09-12 20:02:29][error_msg show_wan]
[2014-09-12 20:02:29][rsp show_wan]
[2014-09-12 20:02:29][error_msg wifi_dev_num]
[2014-09-12 20:02:29][rsp wifi_dev_num]
[2014-09-12 20:02:29][error_msg wifi_dev_num]
[2014-09-12 20:02:29][rsp wifi_dev_num]
[2014-09-12 20:02:29][error_msg share_media]
[2014-09-12 20:02:29][rsp share_media]
[2014-09-12 20:02:29][error_msg share_storage]
[2014-09-12 20:02:29][rsp share_storage]
[2014-09-12 20:02:34]PHP_SELF:/muta/index.php
[2014-09-12 20:02:34]start-----------------------------
[2014-09-12 20:02:34]strpos:
[2014-09-12 20:02:34][session_expire]1440
[2014-09-12 20:02:34][cur_time]1410523354
[2014-09-12 20:02:34][last_visit]1410523319
[2014-09-12 20:02:34]end-----------------------------
[2014-09-12 20:02:34][error_msg show_wan]
[2014-09-12 20:02:34][rsp show_wan]
[2014-09-12 20:02:34][error_msg show_wifi_gateway]
[2014-09-12 20:02:34][rsp show_wifi_gateway]
[2014-09-12 20:02:34][error_msg show_wan]
[2014-09-12 20:02:34][rsp show_wan]
[2014-09-12 20:02:34][error_msg wifi_dev_num]
[2014-09-12 20:02:34][rsp wifi_dev_num]
[2014-09-12 20:02:34][error_msg wifi_dev_num]
[2014-09-12 20:02:34][rsp wifi_dev_num]
[2014-09-12 20:02:34][error_msg share_media]
[2014-09-12 20:02:34][rsp share_media]
[2014-09-12 20:02:34][error_msg share_storage]
[2014-09-12 20:02:34][rsp share_storage]
[2014-09-12 20:02:39]PHP_SELF:/muta/index.php
[2014-09-12 20:02:39]start-----------------------------
[2014-09-12 20:02:39]strpos:
[2014-09-12 20:02:39][session_expire]1440
[2014-09-12 20:02:39][cur_time]1410523359
[2014-09-12 20:02:39][last_visit]1410523319
[2014-09-12 20:02:39]end-----------------------------
[2014-09-12 20:02:39][error_msg show_wan]
[2014-09-12 20:02:39][rsp show_wan]
[2014-09-12 20:02:39][error_msg show_wifi_gateway]
[2014-09-12 20:02:39][rsp show_wifi_gateway]
[2014-09-12 20:02:39][error_msg show_wan]
[2014-09-12 20:02:39][rsp show_wan]
[2014-09-12 20:02:39][error_msg wifi_dev_num]
[2014-09-12 20:02:39][rsp wifi_dev_num]
[2014-09-12 20:02:39][error_msg wifi_dev_num]
[2014-09-12 20:02:39][rsp wifi_dev_num]
[2014-09-12 20:02:39][error_msg share_media]
[2014-09-12 20:02:39][rsp share_media]
[2014-09-12 20:02:39][error_msg share_storage]
[2014-09-12 20:02:39][rsp share_storage]
[2014-09-12 20:02:44]PHP_SELF:/muta/index.php
[2014-09-12 20:02:44]start-----------------------------
[2014-09-12 20:02:44]strpos:
[2014-09-12 20:02:44][session_expire]1440
[2014-09-12 20:02:44][cur_time]1410523364
[2014-09-12 20:02:44][last_visit]1410523319
[2014-09-12 20:02:44]end-----------------------------
[2014-09-12 20:02:44][error_msg show_wan]
[2014-09-12 20:02:44][rsp show_wan]
[2014-09-12 20:02:44][error_msg show_wifi_gateway]
[2014-09-12 20:02:44][rsp show_wifi_gateway]
[2014-09-12 20:02:44][error_msg show_wan]
[2014-09-12 20:02:44][rsp show_wan]
[2014-09-12 20:02:44][error_msg wifi_dev_num]
[2014-09-12 20:02:44][rsp wifi_dev_num]
[2014-09-12 20:02:44][error_msg wifi_dev_num]
[2014-09-12 20:02:44][rsp wifi_dev_num]
[2014-09-12 20:02:44][error_msg share_media]
[2014-09-12 20:02:44][rsp share_media]
[2014-09-12 20:02:44][error_msg share_storage]
[2014-09-12 20:02:44][rsp share_storage]
[2014-09-12 20:02:49]PHP_SELF:/muta/index.php
[2014-09-12 20:02:49]start-----------------------------
[2014-09-12 20:02:49]strpos:
[2014-09-12 20:02:49][session_expire]1440
[2014-09-12 20:02:49][cur_time]1410523369
[2014-09-12 20:02:49][last_visit]1410523319
[2014-09-12 20:02:49]end-----------------------------
[2014-09-12 20:02:49][error_msg show_wan]
[2014-09-12 20:02:49][rsp show_wan]
[2014-09-12 20:02:49][error_msg show_wifi_gateway]
[2014-09-12 20:02:49][rsp show_wifi_gateway]
[2014-09-12 20:02:49][error_msg show_wan]
[2014-09-12 20:02:49][rsp show_wan]
[2014-09-12 20:02:49][error_msg wifi_dev_num]
[2014-09-12 20:02:49][rsp wifi_dev_num]
[2014-09-12 20:02:49][error_msg wifi_dev_num]
[2014-09-12 20:02:49][rsp wifi_dev_num]
[2014-09-12 20:02:49][error_msg share_media]
[2014-09-12 20:02:49][rsp share_media]
[2014-09-12 20:02:49][error_msg share_storage]
[2014-09-12 20:02:49][rsp share_storage]
[2014-09-12 20:02:54]PHP_SELF:/muta/index.php
[2014-09-12 20:02:54]start-----------------------------
[2014-09-12 20:02:54]strpos:
[2014-09-12 20:02:54][session_expire]1440
[2014-09-12 20:02:54][cur_time]1410523374
[2014-09-12 20:02:54][last_visit]1410523319
[2014-09-12 20:02:54]end-----------------------------
[2014-09-12 20:02:54][error_msg show_wan]
[2014-09-12 20:02:54][rsp show_wan]
[2014-09-12 20:02:54][error_msg show_wifi_gateway]
[2014-09-12 20:02:54][rsp show_wifi_gateway]
[2014-09-12 20:02:54][error_msg show_wan]
[2014-09-12 20:02:54][rsp show_wan]
[2014-09-12 20:02:54][error_msg wifi_dev_num]
[2014-09-12 20:02:54][rsp wifi_dev_num]
[2014-09-12 20:02:54][error_msg wifi_dev_num]
[2014-09-12 20:02:54][rsp wifi_dev_num]
[2014-09-12 20:02:54][error_msg share_media]
[2014-09-12 20:02:54][rsp share_media]
[2014-09-12 20:02:54][error_msg share_storage]
[2014-09-12 20:02:54][rsp share_storage]
[2014-09-12 20:02:59]PHP_SELF:/muta/index.php
[2014-09-12 20:02:59]start-----------------------------
[2014-09-12 20:02:59]strpos:
[2014-09-12 20:02:59][session_expire]1440
[2014-09-12 20:02:59][cur_time]1410523379
[2014-09-12 20:02:59][last_visit]1410523319
[2014-09-12 20:02:59]end-----------------------------
[2014-09-12 20:02:59][error_msg show_wan]
[2014-09-12 20:02:59][rsp show_wan]
[2014-09-12 20:02:59][error_msg show_wifi_gateway]
[2014-09-12 20:02:59][rsp show_wifi_gateway]
[2014-09-12 20:02:59][error_msg show_wan]
[2014-09-12 20:02:59][rsp show_wan]
[2014-09-12 20:02:59][error_msg wifi_dev_num]
[2014-09-12 20:02:59][rsp wifi_dev_num]
[2014-09-12 20:02:59][error_msg wifi_dev_num]
[2014-09-12 20:02:59][rsp wifi_dev_num]
[2014-09-12 20:02:59][error_msg share_media]
[2014-09-12 20:02:59][rsp share_media]
[2014-09-12 20:02:59][error_msg share_storage]
[2014-09-12 20:02:59][rsp share_storage]
[2014-09-12 20:03:01]PHP_SELF:/muta/index.php
[2014-09-12 20:03:01]start-----------------------------
[2014-09-12 20:03:01]strpos:
[2014-09-12 20:03:01][session_expire]1440
[2014-09-12 20:03:01][cur_time]1410523381
[2014-09-12 20:03:01][last_visit]1410523319
[2014-09-12 20:03:01]end-----------------------------
[2014-09-12 20:03:01]PHP_SELF:/muta/index.php
[2014-09-12 20:03:01]start-----------------------------
[2014-09-12 20:03:01]strpos:
[2014-09-12 20:03:01][session_expire]1440
[2014-09-12 20:03:01][cur_time]1410523381
[2014-09-12 20:03:01][last_visit]1410523381
[2014-09-12 20:03:01]end-----------------------------
[2014-09-12 20:03:01][error_msg show_wan]
[2014-09-12 20:03:01][rsp show_wan]
[2014-09-12 20:03:01][error_msg show_wifi_gateway]
[2014-09-12 20:03:01][rsp show_wifi_gateway]
[2014-09-12 20:03:01][error_msg show_wan]
[2014-09-12 20:03:01][rsp show_wan]
[2014-09-12 20:03:01][error_msg wifi_dev_num]
[2014-09-12 20:03:01][rsp wifi_dev_num]
[2014-09-12 20:03:01][error_msg wifi_dev_num]
[2014-09-12 20:03:01][rsp wifi_dev_num]
[2014-09-12 20:03:01][error_msg share_media]
[2014-09-12 20:03:01][rsp share_media]
[2014-09-12 20:03:01][error_msg share_storage]
[2014-09-12 20:03:01][rsp share_storage]
[2014-09-12 20:03:06]PHP_SELF:/muta/index.php
[2014-09-12 20:03:06]start-----------------------------
[2014-09-12 20:03:06]strpos:
[2014-09-12 20:03:06][session_expire]1440
[2014-09-12 20:03:06][cur_time]1410523386
[2014-09-12 20:03:06][last_visit]1410523381
[2014-09-12 20:03:06]end-----------------------------
[2014-09-12 20:03:06][error_msg show_wan]
[2014-09-12 20:03:06][rsp show_wan]
[2014-09-12 20:03:06][error_msg show_wifi_gateway]
[2014-09-12 20:03:06][rsp show_wifi_gateway]
[2014-09-12 20:03:06][error_msg show_wan]
[2014-09-12 20:03:06][rsp show_wan]
[2014-09-12 20:03:06][error_msg wifi_dev_num]
[2014-09-12 20:03:06][rsp wifi_dev_num]
[2014-09-12 20:03:06][error_msg wifi_dev_num]
[2014-09-12 20:03:06][rsp wifi_dev_num]
[2014-09-12 20:03:06][error_msg share_media]
[2014-09-12 20:03:06][rsp share_media]
[2014-09-12 20:03:06][error_msg share_storage]
[2014-09-12 20:03:06][rsp share_storage]
[2014-09-12 20:03:11]PHP_SELF:/muta/index.php
[2014-09-12 20:03:11]start-----------------------------
[2014-09-12 20:03:11]strpos:
[2014-09-12 20:03:11][session_expire]1440
[2014-09-12 20:03:11][cur_time]1410523391
[2014-09-12 20:03:11][last_visit]1410523381
[2014-09-12 20:03:11]end-----------------------------
[2014-09-12 20:03:11][error_msg show_wan]
[2014-09-12 20:03:11][rsp show_wan]
[2014-09-12 20:03:11][error_msg show_wifi_gateway]
[2014-09-12 20:03:11][rsp show_wifi_gateway]
[2014-09-12 20:03:11][error_msg show_wan]
[2014-09-12 20:03:11][rsp show_wan]
[2014-09-12 20:03:11][error_msg wifi_dev_num]
[2014-09-12 20:03:11][rsp wifi_dev_num]
[2014-09-12 20:03:11][error_msg wifi_dev_num]
[2014-09-12 20:03:11][rsp wifi_dev_num]
[2014-09-12 20:03:11][error_msg share_media]
[2014-09-12 20:03:11][rsp share_media]
[2014-09-12 20:03:11][error_msg share_storage]
[2014-09-12 20:03:11][rsp share_storage]
[2014-09-12 20:03:16]PHP_SELF:/muta/index.php
[2014-09-12 20:03:16]start-----------------------------
[2014-09-12 20:03:16]strpos:
[2014-09-12 20:03:16][session_expire]1440
[2014-09-12 20:03:16][cur_time]1410523396
[2014-09-12 20:03:16][last_visit]1410523381
[2014-09-12 20:03:16]end-----------------------------
[2014-09-12 20:03:16][error_msg show_wan]
[2014-09-12 20:03:16][rsp show_wan]
[2014-09-12 20:03:16][error_msg show_wifi_gateway]
[2014-09-12 20:03:16][rsp show_wifi_gateway]
[2014-09-12 20:03:16][error_msg show_wan]
[2014-09-12 20:03:16][rsp show_wan]
[2014-09-12 20:03:16][error_msg wifi_dev_num]
[2014-09-12 20:03:16][rsp wifi_dev_num]
[2014-09-12 20:03:16][error_msg wifi_dev_num]
[2014-09-12 20:03:16][rsp wifi_dev_num]
[2014-09-12 20:03:16][error_msg share_media]
[2014-09-12 20:03:16][rsp share_media]
[2014-09-12 20:03:16][error_msg share_storage]
[2014-09-12 20:03:16][rsp share_storage]
[2014-09-12 20:03:21]PHP_SELF:/muta/index.php
[2014-09-12 20:03:21]start-----------------------------
[2014-09-12 20:03:21]strpos:
[2014-09-12 20:03:21][session_expire]1440
[2014-09-12 20:03:21][cur_time]1410523401
[2014-09-12 20:03:21][last_visit]1410523381
[2014-09-12 20:03:21]end-----------------------------
[2014-09-12 20:03:21][error_msg show_wan]
[2014-09-12 20:03:21][rsp show_wan]
[2014-09-12 20:03:21][error_msg show_wifi_gateway]
[2014-09-12 20:03:21][rsp show_wifi_gateway]
[2014-09-12 20:03:21][error_msg show_wan]
[2014-09-12 20:03:21][rsp show_wan]
[2014-09-12 20:03:21][error_msg wifi_dev_num]
[2014-09-12 20:03:21][rsp wifi_dev_num]
[2014-09-12 20:03:21][error_msg wifi_dev_num]
[2014-09-12 20:03:21][rsp wifi_dev_num]
[2014-09-12 20:03:21][error_msg share_media]
[2014-09-12 20:03:21][rsp share_media]
[2014-09-12 20:03:21][error_msg share_storage]
[2014-09-12 20:03:21][rsp share_storage]
[2014-09-12 20:03:26]PHP_SELF:/muta/index.php
[2014-09-12 20:03:26]start-----------------------------
[2014-09-12 20:03:26]strpos:
[2014-09-12 20:03:26][session_expire]1440
[2014-09-12 20:03:26][cur_time]1410523406
[2014-09-12 20:03:26][last_visit]1410523381
[2014-09-12 20:03:26]end-----------------------------
[2014-09-12 20:03:26][error_msg show_wan]
[2014-09-12 20:03:26][rsp show_wan]
[2014-09-12 20:03:26][error_msg show_wifi_gateway]
[2014-09-12 20:03:26][rsp show_wifi_gateway]
[2014-09-12 20:03:26][error_msg show_wan]
[2014-09-12 20:03:26][rsp show_wan]
[2014-09-12 20:03:26][error_msg wifi_dev_num]
[2014-09-12 20:03:26][rsp wifi_dev_num]
[2014-09-12 20:03:26][error_msg wifi_dev_num]
[2014-09-12 20:03:26][rsp wifi_dev_num]
[2014-09-12 20:03:26][error_msg share_media]
[2014-09-12 20:03:26][rsp share_media]
[2014-09-12 20:03:26][error_msg share_storage]
[2014-09-12 20:03:26][rsp share_storage]
[2014-09-12 20:03:31]PHP_SELF:/muta/index.php
[2014-09-12 20:03:31]start-----------------------------
[2014-09-12 20:03:31]strpos:
[2014-09-12 20:03:31][session_expire]1440
[2014-09-12 20:03:31][cur_time]1410523411
[2014-09-12 20:03:31][last_visit]1410523381
[2014-09-12 20:03:31]end-----------------------------
[2014-09-12 20:03:31][error_msg show_wan]
[2014-09-12 20:03:31][rsp show_wan]
[2014-09-12 20:03:31][error_msg show_wifi_gateway]
[2014-09-12 20:03:31][rsp show_wifi_gateway]
[2014-09-12 20:03:31][error_msg show_wan]
[2014-09-12 20:03:31][rsp show_wan]
[2014-09-12 20:03:31][error_msg wifi_dev_num]
[2014-09-12 20:03:31][rsp wifi_dev_num]
[2014-09-12 20:03:31][error_msg wifi_dev_num]
[2014-09-12 20:03:31][rsp wifi_dev_num]
[2014-09-12 20:03:31][error_msg share_media]
[2014-09-12 20:03:31][rsp share_media]
[2014-09-12 20:03:31][error_msg share_storage]
[2014-09-12 20:03:31][rsp share_storage]
[2014-09-12 20:03:36]PHP_SELF:/muta/index.php
[2014-09-12 20:03:36]start-----------------------------
[2014-09-12 20:03:36]strpos:
[2014-09-12 20:03:36][session_expire]1440
[2014-09-12 20:03:36][cur_time]1410523416
[2014-09-12 20:03:36][last_visit]1410523381
[2014-09-12 20:03:36]end-----------------------------
[2014-09-12 20:03:36][error_msg show_wan]
[2014-09-12 20:03:36][rsp show_wan]
[2014-09-12 20:03:36][error_msg show_wifi_gateway]
[2014-09-12 20:03:36][rsp show_wifi_gateway]
[2014-09-12 20:03:36][error_msg show_wan]
[2014-09-12 20:03:36][rsp show_wan]
[2014-09-12 20:03:36][error_msg wifi_dev_num]
[2014-09-12 20:03:36][rsp wifi_dev_num]
[2014-09-12 20:03:36][error_msg wifi_dev_num]
[2014-09-12 20:03:36][rsp wifi_dev_num]
[2014-09-12 20:03:36][error_msg share_media]
[2014-09-12 20:03:36][rsp share_media]
[2014-09-12 20:03:36][error_msg share_storage]
[2014-09-12 20:03:36][rsp share_storage]
[2014-09-12 20:03:41]PHP_SELF:/muta/index.php
[2014-09-12 20:03:41]start-----------------------------
[2014-09-12 20:03:41]strpos:
[2014-09-12 20:03:41][session_expire]1440
[2014-09-12 20:03:41][cur_time]1410523421
[2014-09-12 20:03:41][last_visit]1410523381
[2014-09-12 20:03:41]end-----------------------------
[2014-09-12 20:03:41][error_msg show_wan]
[2014-09-12 20:03:41][rsp show_wan]
[2014-09-12 20:03:41][error_msg show_wifi_gateway]
[2014-09-12 20:03:41][rsp show_wifi_gateway]
[2014-09-12 20:03:41][error_msg show_wan]
[2014-09-12 20:03:41][rsp show_wan]
[2014-09-12 20:03:41][error_msg wifi_dev_num]
[2014-09-12 20:03:41][rsp wifi_dev_num]
[2014-09-12 20:03:41][error_msg wifi_dev_num]
[2014-09-12 20:03:41][rsp wifi_dev_num]
[2014-09-12 20:03:41][error_msg share_media]
[2014-09-12 20:03:41][rsp share_media]
[2014-09-12 20:03:41][error_msg share_storage]
[2014-09-12 20:03:41][rsp share_storage]
[2014-09-12 20:03:46]PHP_SELF:/muta/index.php
[2014-09-12 20:03:46]start-----------------------------
[2014-09-12 20:03:46]strpos:
[2014-09-12 20:03:46][session_expire]1440
[2014-09-12 20:03:46][cur_time]1410523426
[2014-09-12 20:03:46][last_visit]1410523381
[2014-09-12 20:03:46]end-----------------------------
[2014-09-12 20:03:46][error_msg show_wan]
[2014-09-12 20:03:46][rsp show_wan]
[2014-09-12 20:03:46][error_msg show_wifi_gateway]
[2014-09-12 20:03:46][rsp show_wifi_gateway]
[2014-09-12 20:03:46][error_msg show_wan]
[2014-09-12 20:03:46][rsp show_wan]
[2014-09-12 20:03:46][error_msg wifi_dev_num]
[2014-09-12 20:03:46][rsp wifi_dev_num]
[2014-09-12 20:03:46][error_msg wifi_dev_num]
[2014-09-12 20:03:46][rsp wifi_dev_num]
[2014-09-12 20:03:46][error_msg share_media]
[2014-09-12 20:03:46][rsp share_media]
[2014-09-12 20:03:46][error_msg share_storage]
[2014-09-12 20:03:46][rsp share_storage]
[2014-09-12 20:03:51]PHP_SELF:/muta/index.php
[2014-09-12 20:03:51]start-----------------------------
[2014-09-12 20:03:51]strpos:
[2014-09-12 20:03:51][session_expire]1440
[2014-09-12 20:03:51][cur_time]1410523431
[2014-09-12 20:03:51][last_visit]1410523381
[2014-09-12 20:03:51]end-----------------------------
[2014-09-12 20:03:51][error_msg show_wan]
[2014-09-12 20:03:51][rsp show_wan]
[2014-09-12 20:03:51][error_msg show_wifi_gateway]
[2014-09-12 20:03:51][rsp show_wifi_gateway]
[2014-09-12 20:03:51][error_msg show_wan]
[2014-09-12 20:03:51][rsp show_wan]
[2014-09-12 20:03:51][error_msg wifi_dev_num]
[2014-09-12 20:03:51][rsp wifi_dev_num]
[2014-09-12 20:03:51][error_msg wifi_dev_num]
[2014-09-12 20:03:51][rsp wifi_dev_num]
[2014-09-12 20:03:51][error_msg share_media]
[2014-09-12 20:03:51][rsp share_media]
[2014-09-12 20:03:51][error_msg share_storage]
[2014-09-12 20:03:51][rsp share_storage]
[2014-09-12 20:03:56]PHP_SELF:/muta/index.php
[2014-09-12 20:03:56]start-----------------------------
[2014-09-12 20:03:56]strpos:
[2014-09-12 20:03:56][session_expire]1440
[2014-09-12 20:03:56][cur_time]1410523436
[2014-09-12 20:03:56][last_visit]1410523381
[2014-09-12 20:03:56]end-----------------------------
[2014-09-12 20:03:56][error_msg show_wan]
[2014-09-12 20:03:56][rsp show_wan]
[2014-09-12 20:03:56][error_msg show_wifi_gateway]
[2014-09-12 20:03:56][rsp show_wifi_gateway]
[2014-09-12 20:03:56][error_msg show_wan]
[2014-09-12 20:03:56][rsp show_wan]
[2014-09-12 20:03:56][error_msg wifi_dev_num]
[2014-09-12 20:03:56][rsp wifi_dev_num]
[2014-09-12 20:03:56][error_msg wifi_dev_num]
[2014-09-12 20:03:56][rsp wifi_dev_num]
[2014-09-12 20:03:56][error_msg share_media]
[2014-09-12 20:03:56][rsp share_media]
[2014-09-12 20:03:56][error_msg share_storage]
[2014-09-12 20:03:56][rsp share_storage]
[2014-09-12 20:04:01]PHP_SELF:/muta/index.php
[2014-09-12 20:04:01]start-----------------------------
[2014-09-12 20:04:01]strpos:
[2014-09-12 20:04:01][session_expire]1440
[2014-09-12 20:04:01][cur_time]1410523441
[2014-09-12 20:04:01][last_visit]1410523381
[2014-09-12 20:04:01]end-----------------------------
[2014-09-12 20:04:01][error_msg show_wan]
[2014-09-12 20:04:01][rsp show_wan]
[2014-09-12 20:04:01][error_msg show_wifi_gateway]
[2014-09-12 20:04:01][rsp show_wifi_gateway]
[2014-09-12 20:04:01][error_msg show_wan]
[2014-09-12 20:04:01][rsp show_wan]
[2014-09-12 20:04:01][error_msg wifi_dev_num]
[2014-09-12 20:04:01][rsp wifi_dev_num]
[2014-09-12 20:04:01][error_msg wifi_dev_num]
[2014-09-12 20:04:01][rsp wifi_dev_num]
[2014-09-12 20:04:01][error_msg share_media]
[2014-09-12 20:04:01][rsp share_media]
[2014-09-12 20:04:01][error_msg share_storage]
[2014-09-12 20:04:01][rsp share_storage]
[2014-09-12 20:04:06]PHP_SELF:/muta/index.php
[2014-09-12 20:04:06]start-----------------------------
[2014-09-12 20:04:06]strpos:
[2014-09-12 20:04:06][session_expire]1440
[2014-09-12 20:04:06][cur_time]1410523446
[2014-09-12 20:04:06][last_visit]1410523381
[2014-09-12 20:04:06]end-----------------------------
[2014-09-12 20:04:06][error_msg show_wan]
[2014-09-12 20:04:06][rsp show_wan]
[2014-09-12 20:04:06][error_msg show_wifi_gateway]
[2014-09-12 20:04:06][rsp show_wifi_gateway]
[2014-09-12 20:04:06][error_msg show_wan]
[2014-09-12 20:04:06][rsp show_wan]
[2014-09-12 20:04:06][error_msg wifi_dev_num]
[2014-09-12 20:04:06][rsp wifi_dev_num]
[2014-09-12 20:04:06][error_msg wifi_dev_num]
[2014-09-12 20:04:06][rsp wifi_dev_num]
[2014-09-12 20:04:06][error_msg share_media]
[2014-09-12 20:04:06][rsp share_media]
[2014-09-12 20:04:06][error_msg share_storage]
[2014-09-12 20:04:06][rsp share_storage]
[2014-09-12 20:04:11]PHP_SELF:/muta/index.php
[2014-09-12 20:04:11]start-----------------------------
[2014-09-12 20:04:11]strpos:
[2014-09-12 20:04:11][session_expire]1440
[2014-09-12 20:04:11][cur_time]1410523451
[2014-09-12 20:04:11][last_visit]1410523381
[2014-09-12 20:04:11]end-----------------------------
[2014-09-12 20:04:11][error_msg show_wan]
[2014-09-12 20:04:11][rsp show_wan]
[2014-09-12 20:04:11][error_msg show_wifi_gateway]
[2014-09-12 20:04:11][rsp show_wifi_gateway]
[2014-09-12 20:04:11][error_msg show_wan]
[2014-09-12 20:04:11][rsp show_wan]
[2014-09-12 20:04:11][error_msg wifi_dev_num]
[2014-09-12 20:04:11][rsp wifi_dev_num]
[2014-09-12 20:04:11][error_msg wifi_dev_num]
[2014-09-12 20:04:11][rsp wifi_dev_num]
[2014-09-12 20:04:11][error_msg share_media]
[2014-09-12 20:04:11][rsp share_media]
[2014-09-12 20:04:11][error_msg share_storage]
[2014-09-12 20:04:11][rsp share_storage]
[2014-09-12 20:04:16]PHP_SELF:/muta/index.php
[2014-09-12 20:04:16]start-----------------------------
[2014-09-12 20:04:16]strpos:
[2014-09-12 20:04:16][session_expire]1440
[2014-09-12 20:04:16][cur_time]1410523456
[2014-09-12 20:04:16][last_visit]1410523381
[2014-09-12 20:04:16]end-----------------------------
[2014-09-12 20:04:16][error_msg show_wan]
[2014-09-12 20:04:16][rsp show_wan]
[2014-09-12 20:04:16][error_msg show_wifi_gateway]
[2014-09-12 20:04:16][rsp show_wifi_gateway]
[2014-09-12 20:04:16][error_msg show_wan]
[2014-09-12 20:04:16][rsp show_wan]
[2014-09-12 20:04:16][error_msg wifi_dev_num]
[2014-09-12 20:04:16][rsp wifi_dev_num]
[2014-09-12 20:04:16][error_msg wifi_dev_num]
[2014-09-12 20:04:16][rsp wifi_dev_num]
[2014-09-12 20:04:16][error_msg share_media]
[2014-09-12 20:04:16][rsp share_media]
[2014-09-12 20:04:16][error_msg share_storage]
[2014-09-12 20:04:16][rsp share_storage]
[2014-09-12 20:04:21]PHP_SELF:/muta/index.php
[2014-09-12 20:04:21]start-----------------------------
[2014-09-12 20:04:21]strpos:
[2014-09-12 20:04:21][session_expire]1440
[2014-09-12 20:04:21][cur_time]1410523461
[2014-09-12 20:04:21][last_visit]1410523381
[2014-09-12 20:04:21]end-----------------------------
[2014-09-12 20:04:21][error_msg show_wan]
[2014-09-12 20:04:21][rsp show_wan]
[2014-09-12 20:04:21][error_msg show_wifi_gateway]
[2014-09-12 20:04:21][rsp show_wifi_gateway]
[2014-09-12 20:04:21][error_msg show_wan]
[2014-09-12 20:04:21][rsp show_wan]
[2014-09-12 20:04:21][error_msg wifi_dev_num]
[2014-09-12 20:04:21][rsp wifi_dev_num]
[2014-09-12 20:04:21][error_msg wifi_dev_num]
[2014-09-12 20:04:21][rsp wifi_dev_num]
[2014-09-12 20:04:21][error_msg share_media]
[2014-09-12 20:04:21][rsp share_media]
[2014-09-12 20:04:21][error_msg share_storage]
[2014-09-12 20:04:21][rsp share_storage]
[2014-09-12 20:04:26]PHP_SELF:/muta/index.php
[2014-09-12 20:04:26]start-----------------------------
[2014-09-12 20:04:26]strpos:
[2014-09-12 20:04:26][session_expire]1440
[2014-09-12 20:04:26][cur_time]1410523466
[2014-09-12 20:04:26][last_visit]1410523381
[2014-09-12 20:04:26]end-----------------------------
[2014-09-12 20:04:26][error_msg show_wan]
[2014-09-12 20:04:26][rsp show_wan]
[2014-09-12 20:04:26][error_msg show_wifi_gateway]
[2014-09-12 20:04:26][rsp show_wifi_gateway]
[2014-09-12 20:04:26][error_msg show_wan]
[2014-09-12 20:04:26][rsp show_wan]
[2014-09-12 20:04:26][error_msg wifi_dev_num]
[2014-09-12 20:04:26][rsp wifi_dev_num]
[2014-09-12 20:04:26][error_msg wifi_dev_num]
[2014-09-12 20:04:26][rsp wifi_dev_num]
[2014-09-12 20:04:26][error_msg share_media]
[2014-09-12 20:04:26][rsp share_media]
[2014-09-12 20:04:26][error_msg share_storage]
[2014-09-12 20:04:26][rsp share_storage]
[2014-09-12 20:04:31]PHP_SELF:/muta/index.php
[2014-09-12 20:04:31]start-----------------------------
[2014-09-12 20:04:31]strpos:
[2014-09-12 20:04:31][session_expire]1440
[2014-09-12 20:04:31][cur_time]1410523471
[2014-09-12 20:04:31][last_visit]1410523381
[2014-09-12 20:04:31]end-----------------------------
[2014-09-12 20:04:31][error_msg show_wan]
[2014-09-12 20:04:31][rsp show_wan]
[2014-09-12 20:04:31][error_msg show_wifi_gateway]
[2014-09-12 20:04:31][rsp show_wifi_gateway]
[2014-09-12 20:04:31][error_msg show_wan]
[2014-09-12 20:04:31][rsp show_wan]
[2014-09-12 20:04:31][error_msg wifi_dev_num]
[2014-09-12 20:04:31][rsp wifi_dev_num]
[2014-09-12 20:04:31][error_msg wifi_dev_num]
[2014-09-12 20:04:31][rsp wifi_dev_num]
[2014-09-12 20:04:31][error_msg share_media]
[2014-09-12 20:04:31][rsp share_media]
[2014-09-12 20:04:31][error_msg share_storage]
[2014-09-12 20:04:31][rsp share_storage]
[2014-09-12 20:04:36]PHP_SELF:/muta/index.php
[2014-09-12 20:04:36]start-----------------------------
[2014-09-12 20:04:36]strpos:
[2014-09-12 20:04:36][session_expire]1440
[2014-09-12 20:04:36][cur_time]1410523476
[2014-09-12 20:04:36][last_visit]1410523381
[2014-09-12 20:04:36]end-----------------------------
[2014-09-12 20:04:36][error_msg show_wan]
[2014-09-12 20:04:36][rsp show_wan]
[2014-09-12 20:04:36][error_msg show_wifi_gateway]
[2014-09-12 20:04:36][rsp show_wifi_gateway]
[2014-09-12 20:04:36][error_msg show_wan]
[2014-09-12 20:04:36][rsp show_wan]
[2014-09-12 20:04:36][error_msg wifi_dev_num]
[2014-09-12 20:04:36][rsp wifi_dev_num]
[2014-09-12 20:04:36][error_msg wifi_dev_num]
[2014-09-12 20:04:36][rsp wifi_dev_num]
[2014-09-12 20:04:36][error_msg share_media]
[2014-09-12 20:04:36][rsp share_media]
[2014-09-12 20:04:36][error_msg share_storage]
[2014-09-12 20:04:36][rsp share_storage]
[2014-09-12 20:04:41]PHP_SELF:/muta/index.php
[2014-09-12 20:04:41]start-----------------------------
[2014-09-12 20:04:41]strpos:
[2014-09-12 20:04:41][session_expire]1440
[2014-09-12 20:04:41][cur_time]1410523481
[2014-09-12 20:04:41][last_visit]1410523381
[2014-09-12 20:04:41]end-----------------------------
[2014-09-12 20:04:41][error_msg show_wan]
[2014-09-12 20:04:41][rsp show_wan]
[2014-09-12 20:04:41][error_msg show_wifi_gateway]
[2014-09-12 20:04:41][rsp show_wifi_gateway]
[2014-09-12 20:04:41][error_msg show_wan]
[2014-09-12 20:04:41][rsp show_wan]
[2014-09-12 20:04:41][error_msg wifi_dev_num]
[2014-09-12 20:04:41][rsp wifi_dev_num]
[2014-09-12 20:04:41][error_msg wifi_dev_num]
[2014-09-12 20:04:41][rsp wifi_dev_num]
[2014-09-12 20:04:41][error_msg share_media]
[2014-09-12 20:04:41][rsp share_media]
[2014-09-12 20:04:41][error_msg share_storage]
[2014-09-12 20:04:41][rsp share_storage]
[2014-09-12 20:04:46]PHP_SELF:/muta/index.php
[2014-09-12 20:04:46]start-----------------------------
[2014-09-12 20:04:46]strpos:
[2014-09-12 20:04:46][session_expire]1440
[2014-09-12 20:04:46][cur_time]1410523486
[2014-09-12 20:04:46][last_visit]1410523381
[2014-09-12 20:04:46]end-----------------------------
[2014-09-12 20:04:46][error_msg show_wan]
[2014-09-12 20:04:46][rsp show_wan]
[2014-09-12 20:04:46][error_msg show_wifi_gateway]
[2014-09-12 20:04:46][rsp show_wifi_gateway]
[2014-09-12 20:04:46][error_msg show_wan]
[2014-09-12 20:04:46][rsp show_wan]
[2014-09-12 20:04:46][error_msg wifi_dev_num]
[2014-09-12 20:04:46][rsp wifi_dev_num]
[2014-09-12 20:04:46][error_msg wifi_dev_num]
[2014-09-12 20:04:46][rsp wifi_dev_num]
[2014-09-12 20:04:46][error_msg share_media]
[2014-09-12 20:04:46][rsp share_media]
[2014-09-12 20:04:46][error_msg share_storage]
[2014-09-12 20:04:46][rsp share_storage]
[2014-09-12 20:04:51]PHP_SELF:/muta/index.php
[2014-09-12 20:04:51]start-----------------------------
[2014-09-12 20:04:51]strpos:
[2014-09-12 20:04:51][session_expire]1440
[2014-09-12 20:04:51][cur_time]1410523491
[2014-09-12 20:04:51][last_visit]1410523381
[2014-09-12 20:04:51]end-----------------------------
[2014-09-12 20:04:51][error_msg show_wan]
[2014-09-12 20:04:51][rsp show_wan]
[2014-09-12 20:04:51][error_msg show_wifi_gateway]
[2014-09-12 20:04:51][rsp show_wifi_gateway]
[2014-09-12 20:04:51][error_msg show_wan]
[2014-09-12 20:04:51][rsp show_wan]
[2014-09-12 20:04:51][error_msg wifi_dev_num]
[2014-09-12 20:04:51][rsp wifi_dev_num]
[2014-09-12 20:04:51][error_msg wifi_dev_num]
[2014-09-12 20:04:51][rsp wifi_dev_num]
[2014-09-12 20:04:51][error_msg share_media]
[2014-09-12 20:04:51][rsp share_media]
[2014-09-12 20:04:51][error_msg share_storage]
[2014-09-12 20:04:51][rsp share_storage]
[2014-09-12 20:04:56]PHP_SELF:/muta/index.php
[2014-09-12 20:04:56]start-----------------------------
[2014-09-12 20:04:56]strpos:
[2014-09-12 20:04:56][session_expire]1440
[2014-09-12 20:04:56][cur_time]1410523496
[2014-09-12 20:04:56][last_visit]1410523381
[2014-09-12 20:04:56]end-----------------------------
[2014-09-12 20:04:56][error_msg show_wan]
[2014-09-12 20:04:56][rsp show_wan]
[2014-09-12 20:04:56][error_msg show_wifi_gateway]
[2014-09-12 20:04:56][rsp show_wifi_gateway]
[2014-09-12 20:04:56][error_msg show_wan]
[2014-09-12 20:04:56][rsp show_wan]
[2014-09-12 20:04:56][error_msg wifi_dev_num]
[2014-09-12 20:04:56][rsp wifi_dev_num]
[2014-09-12 20:04:56][error_msg wifi_dev_num]
[2014-09-12 20:04:56][rsp wifi_dev_num]
[2014-09-12 20:04:56][error_msg share_media]
[2014-09-12 20:04:56][rsp share_media]
[2014-09-12 20:04:56][error_msg share_storage]
[2014-09-12 20:04:56][rsp share_storage]
[2014-09-12 20:05:01]PHP_SELF:/muta/index.php
[2014-09-12 20:05:01]start-----------------------------
[2014-09-12 20:05:01]strpos:
[2014-09-12 20:05:01][session_expire]1440
[2014-09-12 20:05:01][cur_time]1410523501
[2014-09-12 20:05:01][last_visit]1410523381
[2014-09-12 20:05:01]end-----------------------------
[2014-09-12 20:05:01][error_msg show_wan]
[2014-09-12 20:05:01][rsp show_wan]
[2014-09-12 20:05:01][error_msg show_wifi_gateway]
[2014-09-12 20:05:01][rsp show_wifi_gateway]
[2014-09-12 20:05:01][error_msg show_wan]
[2014-09-12 20:05:01][rsp show_wan]
[2014-09-12 20:05:01][error_msg wifi_dev_num]
[2014-09-12 20:05:01][rsp wifi_dev_num]
[2014-09-12 20:05:01][error_msg wifi_dev_num]
[2014-09-12 20:05:01][rsp wifi_dev_num]
[2014-09-12 20:05:01][error_msg share_media]
[2014-09-12 20:05:01][rsp share_media]
[2014-09-12 20:05:01][error_msg share_storage]
[2014-09-12 20:05:01][rsp share_storage]
[2014-09-12 20:05:06]PHP_SELF:/muta/index.php
[2014-09-12 20:05:06]start-----------------------------
[2014-09-12 20:05:06]strpos:
[2014-09-12 20:05:06][session_expire]1440
[2014-09-12 20:05:06][cur_time]1410523506
[2014-09-12 20:05:06][last_visit]1410523381
[2014-09-12 20:05:06]end-----------------------------
[2014-09-12 20:05:06][error_msg show_wan]
[2014-09-12 20:05:06][rsp show_wan]
[2014-09-12 20:05:06][error_msg show_wifi_gateway]
[2014-09-12 20:05:06][rsp show_wifi_gateway]
[2014-09-12 20:05:06][error_msg show_wan]
[2014-09-12 20:05:06][rsp show_wan]
[2014-09-12 20:05:06][error_msg wifi_dev_num]
[2014-09-12 20:05:06][rsp wifi_dev_num]
[2014-09-12 20:05:06][error_msg wifi_dev_num]
[2014-09-12 20:05:06][rsp wifi_dev_num]
[2014-09-12 20:05:06][error_msg share_media]
[2014-09-12 20:05:06][rsp share_media]
[2014-09-12 20:05:06][error_msg share_storage]
[2014-09-12 20:05:06][rsp share_storage]
[2014-09-12 20:05:11]PHP_SELF:/muta/index.php
[2014-09-12 20:05:11]start-----------------------------
[2014-09-12 20:05:11]strpos:
[2014-09-12 20:05:11][session_expire]1440
[2014-09-12 20:05:11][cur_time]1410523511
[2014-09-12 20:05:11][last_visit]1410523381
[2014-09-12 20:05:11]end-----------------------------
[2014-09-12 20:05:11][error_msg show_wan]
[2014-09-12 20:05:11][rsp show_wan]
[2014-09-12 20:05:11][error_msg show_wifi_gateway]
[2014-09-12 20:05:11][rsp show_wifi_gateway]
[2014-09-12 20:05:11][error_msg show_wan]
[2014-09-12 20:05:11][rsp show_wan]
[2014-09-12 20:05:11][error_msg wifi_dev_num]
[2014-09-12 20:05:11][rsp wifi_dev_num]
[2014-09-12 20:05:11][error_msg wifi_dev_num]
[2014-09-12 20:05:11][rsp wifi_dev_num]
[2014-09-12 20:05:11][error_msg share_media]
[2014-09-12 20:05:11][rsp share_media]
[2014-09-12 20:05:11][error_msg share_storage]
[2014-09-12 20:05:11][rsp share_storage]
[2014-09-12 20:05:16]PHP_SELF:/muta/index.php
[2014-09-12 20:05:16]start-----------------------------
[2014-09-12 20:05:16]strpos:
[2014-09-12 20:05:16][session_expire]1440
[2014-09-12 20:05:16][cur_time]1410523516
[2014-09-12 20:05:16][last_visit]1410523381
[2014-09-12 20:05:16]end-----------------------------
[2014-09-12 20:05:16][error_msg show_wan]
[2014-09-12 20:05:16][rsp show_wan]
[2014-09-12 20:05:16][error_msg show_wifi_gateway]
[2014-09-12 20:05:16][rsp show_wifi_gateway]
[2014-09-12 20:05:16][error_msg show_wan]
[2014-09-12 20:05:16][rsp show_wan]
[2014-09-12 20:05:16][error_msg wifi_dev_num]
[2014-09-12 20:05:16][rsp wifi_dev_num]
[2014-09-12 20:05:16][error_msg wifi_dev_num]
[2014-09-12 20:05:16][rsp wifi_dev_num]
[2014-09-12 20:05:16][error_msg share_media]
[2014-09-12 20:05:16][rsp share_media]
[2014-09-12 20:05:16][error_msg share_storage]
[2014-09-12 20:05:16][rsp share_storage]
[2014-09-12 20:05:21]PHP_SELF:/muta/index.php
[2014-09-12 20:05:21]start-----------------------------
[2014-09-12 20:05:21]strpos:
[2014-09-12 20:05:21][session_expire]1440
[2014-09-12 20:05:21][cur_time]1410523521
[2014-09-12 20:05:21][last_visit]1410523381
[2014-09-12 20:05:21]end-----------------------------
[2014-09-12 20:05:21][error_msg show_wan]
[2014-09-12 20:05:21][rsp show_wan]
[2014-09-12 20:05:21][error_msg show_wifi_gateway]
[2014-09-12 20:05:21][rsp show_wifi_gateway]
[2014-09-12 20:05:21][error_msg show_wan]
[2014-09-12 20:05:21][rsp show_wan]
[2014-09-12 20:05:21][error_msg wifi_dev_num]
[2014-09-12 20:05:21][rsp wifi_dev_num]
[2014-09-12 20:05:21][error_msg wifi_dev_num]
[2014-09-12 20:05:21][rsp wifi_dev_num]
[2014-09-12 20:05:21][error_msg share_media]
[2014-09-12 20:05:21][rsp share_media]
[2014-09-12 20:05:21][error_msg share_storage]
[2014-09-12 20:05:21][rsp share_storage]
[2014-09-12 20:05:26]PHP_SELF:/muta/index.php
[2014-09-12 20:05:26]start-----------------------------
[2014-09-12 20:05:26]strpos:
[2014-09-12 20:05:26][session_expire]1440
[2014-09-12 20:05:26][cur_time]1410523526
[2014-09-12 20:05:26][last_visit]1410523381
[2014-09-12 20:05:26]end-----------------------------
[2014-09-12 20:05:26][error_msg show_wan]
[2014-09-12 20:05:26][rsp show_wan]
[2014-09-12 20:05:26][error_msg show_wifi_gateway]
[2014-09-12 20:05:26][rsp show_wifi_gateway]
[2014-09-12 20:05:26][error_msg show_wan]
[2014-09-12 20:05:26][rsp show_wan]
[2014-09-12 20:05:26][error_msg wifi_dev_num]
[2014-09-12 20:05:26][rsp wifi_dev_num]
[2014-09-12 20:05:26][error_msg wifi_dev_num]
[2014-09-12 20:05:26][rsp wifi_dev_num]
[2014-09-12 20:05:26][error_msg share_media]
[2014-09-12 20:05:26][rsp share_media]
[2014-09-12 20:05:26][error_msg share_storage]
[2014-09-12 20:05:26][rsp share_storage]
[2014-09-12 20:05:31]PHP_SELF:/muta/index.php
[2014-09-12 20:05:31]start-----------------------------
[2014-09-12 20:05:31]strpos:
[2014-09-12 20:05:31][session_expire]1440
[2014-09-12 20:05:31][cur_time]1410523531
[2014-09-12 20:05:31][last_visit]1410523381
[2014-09-12 20:05:31]end-----------------------------
[2014-09-12 20:05:31][error_msg show_wan]
[2014-09-12 20:05:31][rsp show_wan]
[2014-09-12 20:05:31][error_msg show_wifi_gateway]
[2014-09-12 20:05:31][rsp show_wifi_gateway]
[2014-09-12 20:05:31][error_msg show_wan]
[2014-09-12 20:05:31][rsp show_wan]
[2014-09-12 20:05:31][error_msg wifi_dev_num]
[2014-09-12 20:05:31][rsp wifi_dev_num]
[2014-09-12 20:05:31][error_msg wifi_dev_num]
[2014-09-12 20:05:31][rsp wifi_dev_num]
[2014-09-12 20:05:31][error_msg share_media]
[2014-09-12 20:05:31][rsp share_media]
[2014-09-12 20:05:31][error_msg share_storage]
[2014-09-12 20:05:31][rsp share_storage]
[2014-09-12 20:05:36]PHP_SELF:/muta/index.php
[2014-09-12 20:05:36]start-----------------------------
[2014-09-12 20:05:36]strpos:
[2014-09-12 20:05:36][session_expire]1440
[2014-09-12 20:05:36][cur_time]1410523536
[2014-09-12 20:05:36][last_visit]1410523381
[2014-09-12 20:05:36]end-----------------------------
[2014-09-12 20:05:36][error_msg show_wan]
[2014-09-12 20:05:36][rsp show_wan]
[2014-09-12 20:05:36][error_msg show_wifi_gateway]
[2014-09-12 20:05:36][rsp show_wifi_gateway]
[2014-09-12 20:05:36][error_msg show_wan]
[2014-09-12 20:05:36][rsp show_wan]
[2014-09-12 20:05:36][error_msg wifi_dev_num]
[2014-09-12 20:05:36][rsp wifi_dev_num]
[2014-09-12 20:05:36][error_msg wifi_dev_num]
[2014-09-12 20:05:36][rsp wifi_dev_num]
[2014-09-12 20:05:36][error_msg share_media]
[2014-09-12 20:05:36][rsp share_media]
[2014-09-12 20:05:36][error_msg share_storage]
[2014-09-12 20:05:36][rsp share_storage]
[2014-09-12 20:05:41]PHP_SELF:/muta/index.php
[2014-09-12 20:05:41]start-----------------------------
[2014-09-12 20:05:41]strpos:
[2014-09-12 20:05:41][session_expire]1440
[2014-09-12 20:05:41][cur_time]1410523541
[2014-09-12 20:05:41][last_visit]1410523381
[2014-09-12 20:05:41]end-----------------------------
[2014-09-12 20:05:41][error_msg show_wan]
[2014-09-12 20:05:41][rsp show_wan]
[2014-09-12 20:05:41][error_msg show_wifi_gateway]
[2014-09-12 20:05:41][rsp show_wifi_gateway]
[2014-09-12 20:05:41][error_msg show_wan]
[2014-09-12 20:05:41][rsp show_wan]
[2014-09-12 20:05:41][error_msg wifi_dev_num]
[2014-09-12 20:05:41][rsp wifi_dev_num]
[2014-09-12 20:05:41][error_msg wifi_dev_num]
[2014-09-12 20:05:41][rsp wifi_dev_num]
[2014-09-12 20:05:41][error_msg share_media]
[2014-09-12 20:05:41][rsp share_media]
[2014-09-12 20:05:41][error_msg share_storage]
[2014-09-12 20:05:41][rsp share_storage]
[2014-09-12 20:05:41]PHP_SELF:/muta/index.php
[2014-09-12 20:05:41]start-----------------------------
[2014-09-12 20:05:41]strpos:
[2014-09-12 20:05:41][session_expire]1440
[2014-09-12 20:05:41][cur_time]1410523541
[2014-09-12 20:05:41][last_visit]1410523381
[2014-09-12 20:05:41]end-----------------------------
[2014-09-12 20:05:42]PHP_SELF:/muta/index.php
[2014-09-12 20:05:42]start-----------------------------
[2014-09-12 20:05:42]strpos:
[2014-09-12 20:05:42][session_expire]1440
[2014-09-12 20:05:42][cur_time]1410523542
[2014-09-12 20:05:42][last_visit]1410523541
[2014-09-12 20:05:42]end-----------------------------
[2014-09-12 20:05:42][error_msg show_wan]
[2014-09-12 20:05:42][rsp show_wan]
[2014-09-12 20:05:42][error_msg show_wifi_gateway]
[2014-09-12 20:05:42][rsp show_wifi_gateway]
[2014-09-12 20:05:42][error_msg show_wan]
[2014-09-12 20:05:42][rsp show_wan]
[2014-09-12 20:05:42][error_msg wifi_dev_num]
[2014-09-12 20:05:42][rsp wifi_dev_num]
[2014-09-12 20:05:42][error_msg wifi_dev_num]
[2014-09-12 20:05:42][rsp wifi_dev_num]
[2014-09-12 20:05:42][error_msg share_media]
[2014-09-12 20:05:42][rsp share_media]
[2014-09-12 20:05:42][error_msg share_storage]
[2014-09-12 20:05:42][rsp share_storage]
[2014-09-12 20:05:46]PHP_SELF:/muta/index.php
[2014-09-12 20:05:46]start-----------------------------
[2014-09-12 20:05:46]strpos:
[2014-09-12 20:05:46][session_expire]1440
[2014-09-12 20:05:46][cur_time]1410523546
[2014-09-12 20:05:46][last_visit]1410523541
[2014-09-12 20:05:46]end-----------------------------
[2014-09-12 20:05:46]PHP_SELF:/muta/index.php
[2014-09-12 20:05:46]start-----------------------------
[2014-09-12 20:05:46]strpos:
[2014-09-12 20:05:46][session_expire]1440
[2014-09-12 20:05:46][cur_time]1410523546
[2014-09-12 20:05:46][last_visit]1410523546
[2014-09-12 20:05:46]end-----------------------------
[2014-09-12 20:05:46][error_msg show_wan]
[2014-09-12 20:05:46][rsp show_wan]
[2014-09-12 20:05:46][error_msg show_wifi_gateway]
[2014-09-12 20:05:46][rsp show_wifi_gateway]
[2014-09-12 20:05:46][error_msg show_wan]
[2014-09-12 20:05:46][rsp show_wan]
[2014-09-12 20:05:46][error_msg wifi_dev_num]
[2014-09-12 20:05:46][rsp wifi_dev_num]
[2014-09-12 20:05:46][error_msg wifi_dev_num]
[2014-09-12 20:05:46][rsp wifi_dev_num]
[2014-09-12 20:05:46][error_msg share_media]
[2014-09-12 20:05:46][rsp share_media]
[2014-09-12 20:05:46][error_msg share_storage]
[2014-09-12 20:05:46][rsp share_storage]
[2014-09-12 20:05:51]PHP_SELF:/muta/logout.php
[2014-09-12 20:05:51]PHP_SELF:/muta/login.php
[2014-09-12 20:05:58]PHP_SELF:/muta/login.php
[2014-09-12 20:05:58]PHP_SELF:/muta/index.php
[2014-09-12 20:05:58]start-----------------------------
[2014-09-12 20:05:58]strpos:
[2014-09-12 20:05:58][session_expire]1440
[2014-09-12 20:05:58][cur_time]1410523558
[2014-09-12 20:05:58][last_visit]1410523558
[2014-09-12 20:05:58]end-----------------------------
[2014-09-12 20:05:59]PHP_SELF:/muta/index.php
[2014-09-12 20:05:59]start-----------------------------
[2014-09-12 20:05:59]strpos:
[2014-09-12 20:05:59][session_expire]1440
[2014-09-12 20:05:59][cur_time]1410523559
[2014-09-12 20:05:59][last_visit]1410523558
[2014-09-12 20:05:59]end-----------------------------
[2014-09-12 20:05:59][error_msg show_wan]
[2014-09-12 20:05:59][rsp show_wan]
[2014-09-12 20:05:59][error_msg show_wifi_gateway]
[2014-09-12 20:05:59][rsp show_wifi_gateway]
[2014-09-12 20:05:59][error_msg show_wan]
[2014-09-12 20:05:59][rsp show_wan]
[2014-09-12 20:05:59][error_msg wifi_dev_num]
[2014-09-12 20:05:59][rsp wifi_dev_num]
[2014-09-12 20:05:59][error_msg wifi_dev_num]
[2014-09-12 20:05:59][rsp wifi_dev_num]
[2014-09-12 20:05:59][error_msg share_media]
[2014-09-12 20:05:59][rsp share_media]
[2014-09-12 20:05:59][error_msg share_storage]
[2014-09-12 20:05:59][rsp share_storage]
[2014-09-12 20:06:04]PHP_SELF:/muta/operation.php
[2014-09-12 20:06:04]start-----------------------------
[2014-09-12 20:06:04]strpos:
[2014-09-12 20:06:04][session_expire]1440
[2014-09-12 20:06:04][cur_time]1410523564
[2014-09-12 20:06:04][last_visit]1410523558
[2014-09-12 20:06:04]end-----------------------------
[2014-09-12 20:06:04]PHP_SELF:/muta/logout.php
[2014-09-12 20:06:04]PHP_SELF:/muta/login.php
[2014-09-12 20:06:08]PHP_SELF:/muta/login.php
[2014-09-12 20:06:14]PHP_SELF:/muta/login.php
[2014-09-12 20:06:14]PHP_SELF:/muta/index.php
[2014-09-12 20:06:14]start-----------------------------
[2014-09-12 20:06:14]strpos:
[2014-09-12 20:06:14][session_expire]1440
[2014-09-12 20:06:14][cur_time]1410523574
[2014-09-12 20:06:14][last_visit]1410523574
[2014-09-12 20:06:14]end-----------------------------
[2014-09-12 20:06:14]PHP_SELF:/muta/index.php
[2014-09-12 20:06:14]start-----------------------------
[2014-09-12 20:06:14]strpos:
[2014-09-12 20:06:14][session_expire]1440
[2014-09-12 20:06:14][cur_time]1410523574
[2014-09-12 20:06:14][last_visit]1410523574
[2014-09-12 20:06:14]end-----------------------------
[2014-09-12 20:06:14][error_msg show_wan]
[2014-09-12 20:06:14][rsp show_wan]
[2014-09-12 20:06:14][error_msg show_wifi_gateway]
[2014-09-12 20:06:14][rsp show_wifi_gateway]
[2014-09-12 20:06:14][error_msg show_wan]
[2014-09-12 20:06:14][rsp show_wan]
[2014-09-12 20:06:14][error_msg wifi_dev_num]
[2014-09-12 20:06:14][rsp wifi_dev_num]
[2014-09-12 20:06:14][error_msg wifi_dev_num]
[2014-09-12 20:06:14][rsp wifi_dev_num]
[2014-09-12 20:06:14][error_msg share_media]
[2014-09-12 20:06:14][rsp share_media]
[2014-09-12 20:06:14][error_msg share_storage]
[2014-09-12 20:06:14][rsp share_storage]
[2014-09-12 20:06:18]PHP_SELF:/muta/operation.php
[2014-09-12 20:06:18]start-----------------------------
[2014-09-12 20:06:18]strpos:
[2014-09-12 20:06:18][session_expire]1440
[2014-09-12 20:06:18][cur_time]1410523578
[2014-09-12 20:06:18][last_visit]1410523574
[2014-09-12 20:06:18]end-----------------------------
[2014-09-12 20:06:18]PHP_SELF:/muta/logout.php
[2014-09-12 20:06:18]PHP_SELF:/muta/login.php
[2014-09-12 20:07:32]PHP_SELF:/muta/login.php
[2014-09-12 20:07:38]PHP_SELF:/muta/login.php
[2014-09-12 20:07:38]PHP_SELF:/muta/index.php
[2014-09-12 20:07:38]start-----------------------------
[2014-09-12 20:07:38]strpos:
[2014-09-12 20:07:38][session_expire]1440
[2014-09-12 20:07:38][cur_time]1410523658
[2014-09-12 20:07:38][last_visit]1410523658
[2014-09-12 20:07:38]end-----------------------------
[2014-09-12 20:07:39]PHP_SELF:/muta/index.php
[2014-09-12 20:07:39]start-----------------------------
[2014-09-12 20:07:39]strpos:
[2014-09-12 20:07:39][session_expire]1440
[2014-09-12 20:07:39][cur_time]1410523659
[2014-09-12 20:07:39][last_visit]1410523658
[2014-09-12 20:07:39]end-----------------------------
[2014-09-12 20:07:39][error_msg show_wan]
[2014-09-12 20:07:39][rsp show_wan]
[2014-09-12 20:07:39][error_msg show_wifi_gateway]
[2014-09-12 20:07:39][rsp show_wifi_gateway]
[2014-09-12 20:07:39][error_msg show_wan]
[2014-09-12 20:07:39][rsp show_wan]
[2014-09-12 20:07:39][error_msg wifi_dev_num]
[2014-09-12 20:07:39][rsp wifi_dev_num]
[2014-09-12 20:07:39][error_msg wifi_dev_num]
[2014-09-12 20:07:39][rsp wifi_dev_num]
[2014-09-12 20:07:39][error_msg share_media]
[2014-09-12 20:07:39][rsp share_media]
[2014-09-12 20:07:39][error_msg share_storage]
[2014-09-12 20:07:39][rsp share_storage]
[2014-09-12 20:07:44]PHP_SELF:/muta/index.php
[2014-09-12 20:07:44]start-----------------------------
[2014-09-12 20:07:44]strpos:
[2014-09-12 20:07:44][session_expire]1440
[2014-09-12 20:07:44][cur_time]1410523664
[2014-09-12 20:07:44][last_visit]1410523658
[2014-09-12 20:07:44]end-----------------------------
[2014-09-12 20:07:44][error_msg show_wan]
[2014-09-12 20:07:44][rsp show_wan]
[2014-09-12 20:07:44][error_msg show_wifi_gateway]
[2014-09-12 20:07:44][rsp show_wifi_gateway]
[2014-09-12 20:07:44][error_msg show_wan]
[2014-09-12 20:07:44][rsp show_wan]
[2014-09-12 20:07:44][error_msg wifi_dev_num]
[2014-09-12 20:07:44][rsp wifi_dev_num]
[2014-09-12 20:07:44][error_msg wifi_dev_num]
[2014-09-12 20:07:44][rsp wifi_dev_num]
[2014-09-12 20:07:44][error_msg share_media]
[2014-09-12 20:07:44][rsp share_media]
[2014-09-12 20:07:44][error_msg share_storage]
[2014-09-12 20:07:44][rsp share_storage]
[2014-09-12 20:07:49]PHP_SELF:/muta/index.php
[2014-09-12 20:07:49]start-----------------------------
[2014-09-12 20:07:49]strpos:
[2014-09-12 20:07:49][session_expire]1440
[2014-09-12 20:07:49][cur_time]1410523669
[2014-09-12 20:07:49][last_visit]1410523658
[2014-09-12 20:07:49]end-----------------------------
[2014-09-12 20:07:49][error_msg show_wan]
[2014-09-12 20:07:49][rsp show_wan]
[2014-09-12 20:07:49][error_msg show_wifi_gateway]
[2014-09-12 20:07:49][rsp show_wifi_gateway]
[2014-09-12 20:07:49][error_msg show_wan]
[2014-09-12 20:07:49][rsp show_wan]
[2014-09-12 20:07:49][error_msg wifi_dev_num]
[2014-09-12 20:07:49][rsp wifi_dev_num]
[2014-09-12 20:07:49][error_msg wifi_dev_num]
[2014-09-12 20:07:49][rsp wifi_dev_num]
[2014-09-12 20:07:49][error_msg share_media]
[2014-09-12 20:07:49][rsp share_media]
[2014-09-12 20:07:49][error_msg share_storage]
[2014-09-12 20:07:49][rsp share_storage]
[2014-09-12 20:07:54]PHP_SELF:/muta/index.php
[2014-09-12 20:07:54]start-----------------------------
[2014-09-12 20:07:54]strpos:
[2014-09-12 20:07:54][session_expire]1440
[2014-09-12 20:07:54][cur_time]1410523674
[2014-09-12 20:07:54][last_visit]1410523658
[2014-09-12 20:07:54]end-----------------------------
[2014-09-12 20:07:54][error_msg show_wan]
[2014-09-12 20:07:54][rsp show_wan]
[2014-09-12 20:07:54][error_msg show_wifi_gateway]
[2014-09-12 20:07:54][rsp show_wifi_gateway]
[2014-09-12 20:07:54][error_msg show_wan]
[2014-09-12 20:07:54][rsp show_wan]
[2014-09-12 20:07:54][error_msg wifi_dev_num]
[2014-09-12 20:07:54][rsp wifi_dev_num]
[2014-09-12 20:07:54][error_msg wifi_dev_num]
[2014-09-12 20:07:54][rsp wifi_dev_num]
[2014-09-12 20:07:54][error_msg share_media]
[2014-09-12 20:07:54][rsp share_media]
[2014-09-12 20:07:54][error_msg share_storage]
[2014-09-12 20:07:54][rsp share_storage]
[2014-09-12 20:07:59]PHP_SELF:/muta/index.php
[2014-09-12 20:07:59]start-----------------------------
[2014-09-12 20:07:59]strpos:
[2014-09-12 20:07:59][session_expire]1440
[2014-09-12 20:07:59][cur_time]1410523679
[2014-09-12 20:07:59][last_visit]1410523658
[2014-09-12 20:07:59]end-----------------------------
[2014-09-12 20:07:59][error_msg show_wan]
[2014-09-12 20:07:59][rsp show_wan]
[2014-09-12 20:07:59][error_msg show_wifi_gateway]
[2014-09-12 20:07:59][rsp show_wifi_gateway]
[2014-09-12 20:07:59][error_msg show_wan]
[2014-09-12 20:07:59][rsp show_wan]
[2014-09-12 20:07:59][error_msg wifi_dev_num]
[2014-09-12 20:07:59][rsp wifi_dev_num]
[2014-09-12 20:07:59][error_msg wifi_dev_num]
[2014-09-12 20:07:59][rsp wifi_dev_num]
[2014-09-12 20:07:59][error_msg share_media]
[2014-09-12 20:07:59][rsp share_media]
[2014-09-12 20:07:59][error_msg share_storage]
[2014-09-12 20:07:59][rsp share_storage]
[2014-09-12 20:08:04]PHP_SELF:/muta/index.php
[2014-09-12 20:08:04]start-----------------------------
[2014-09-12 20:08:04]strpos:
[2014-09-12 20:08:04][session_expire]1440
[2014-09-12 20:08:04][cur_time]1410523684
[2014-09-12 20:08:04][last_visit]1410523658
[2014-09-12 20:08:04]end-----------------------------
[2014-09-12 20:08:04][error_msg show_wan]
[2014-09-12 20:08:04][rsp show_wan]
[2014-09-12 20:08:04][error_msg show_wifi_gateway]
[2014-09-12 20:08:04][rsp show_wifi_gateway]
[2014-09-12 20:08:04][error_msg show_wan]
[2014-09-12 20:08:04][rsp show_wan]
[2014-09-12 20:08:04][error_msg wifi_dev_num]
[2014-09-12 20:08:04][rsp wifi_dev_num]
[2014-09-12 20:08:04][error_msg wifi_dev_num]
[2014-09-12 20:08:04][rsp wifi_dev_num]
[2014-09-12 20:08:04][error_msg share_media]
[2014-09-12 20:08:04][rsp share_media]
[2014-09-12 20:08:04][error_msg share_storage]
[2014-09-12 20:08:04][rsp share_storage]
[2014-09-12 20:08:09]PHP_SELF:/muta/index.php
[2014-09-12 20:08:09]start-----------------------------
[2014-09-12 20:08:09]strpos:
[2014-09-12 20:08:09][session_expire]1440
[2014-09-12 20:08:09][cur_time]1410523689
[2014-09-12 20:08:09][last_visit]1410523658
[2014-09-12 20:08:09]end-----------------------------
[2014-09-12 20:08:09][error_msg show_wan]
[2014-09-12 20:08:09][rsp show_wan]
[2014-09-12 20:08:09][error_msg show_wifi_gateway]
[2014-09-12 20:08:09][rsp show_wifi_gateway]
[2014-09-12 20:08:09][error_msg show_wan]
[2014-09-12 20:08:09][rsp show_wan]
[2014-09-12 20:08:09][error_msg wifi_dev_num]
[2014-09-12 20:08:09][rsp wifi_dev_num]
[2014-09-12 20:08:09][error_msg wifi_dev_num]
[2014-09-12 20:08:09][rsp wifi_dev_num]
[2014-09-12 20:08:09][error_msg share_media]
[2014-09-12 20:08:09][rsp share_media]
[2014-09-12 20:08:09][error_msg share_storage]
[2014-09-12 20:08:09][rsp share_storage]
[2014-09-12 20:08:14]PHP_SELF:/muta/index.php
[2014-09-12 20:08:14]start-----------------------------
[2014-09-12 20:08:14]strpos:
[2014-09-12 20:08:14][session_expire]1440
[2014-09-12 20:08:14][cur_time]1410523694
[2014-09-12 20:08:14][last_visit]1410523658
[2014-09-12 20:08:14]end-----------------------------
[2014-09-12 20:08:14][error_msg show_wan]
[2014-09-12 20:08:14][rsp show_wan]
[2014-09-12 20:08:14][error_msg show_wifi_gateway]
[2014-09-12 20:08:14][rsp show_wifi_gateway]
[2014-09-12 20:08:14][error_msg show_wan]
[2014-09-12 20:08:14][rsp show_wan]
[2014-09-12 20:08:14][error_msg wifi_dev_num]
[2014-09-12 20:08:14][rsp wifi_dev_num]
[2014-09-12 20:08:14][error_msg wifi_dev_num]
[2014-09-12 20:08:14][rsp wifi_dev_num]
[2014-09-12 20:08:14][error_msg share_media]
[2014-09-12 20:08:14][rsp share_media]
[2014-09-12 20:08:14][error_msg share_storage]
[2014-09-12 20:08:14][rsp share_storage]
[2014-09-12 20:08:18]PHP_SELF:/muta/sysup.php
[2014-09-12 20:08:18]start-----------------------------
[2014-09-12 20:08:18]strpos:
[2014-09-12 20:08:18][session_expire]1440
[2014-09-12 20:08:18][cur_time]1410523698
[2014-09-12 20:08:18][last_visit]1410523658
[2014-09-12 20:08:18]end-----------------------------
[2014-09-12 20:08:18]PHP_SELF:/muta/sysup.php
[2014-09-12 20:08:18]start-----------------------------
[2014-09-12 20:08:18]strpos:
[2014-09-12 20:08:18][session_expire]1440
[2014-09-12 20:08:18][cur_time]1410523698
[2014-09-12 20:08:18][last_visit]1410523698
[2014-09-12 20:08:18]end-----------------------------
[2014-09-12 20:08:25]PHP_SELF:/muta/index.php
[2014-09-12 20:08:25]start-----------------------------
[2014-09-12 20:08:25]strpos:
[2014-09-12 20:08:25][session_expire]1440
[2014-09-12 20:08:25][cur_time]1410523705
[2014-09-12 20:08:25][last_visit]1410523698
[2014-09-12 20:08:25]end-----------------------------
[2014-09-12 20:08:25]PHP_SELF:/muta/index.php
[2014-09-12 20:08:25]start-----------------------------
[2014-09-12 20:08:25]strpos:
[2014-09-12 20:08:25][session_expire]1440
[2014-09-12 20:08:25][cur_time]1410523705
[2014-09-12 20:08:25][last_visit]1410523705
[2014-09-12 20:08:25]end-----------------------------
[2014-09-12 20:08:25][error_msg show_wan]
[2014-09-12 20:08:25][rsp show_wan]
[2014-09-12 20:08:25][error_msg show_wifi_gateway]
[2014-09-12 20:08:25][rsp show_wifi_gateway]
[2014-09-12 20:08:25][error_msg show_wan]
[2014-09-12 20:08:25][rsp show_wan]
[2014-09-12 20:08:25][error_msg wifi_dev_num]
[2014-09-12 20:08:25][rsp wifi_dev_num]
[2014-09-12 20:08:25][error_msg wifi_dev_num]
[2014-09-12 20:08:25][rsp wifi_dev_num]
[2014-09-12 20:08:25][error_msg share_media]
[2014-09-12 20:08:25][rsp share_media]
[2014-09-12 20:08:25][error_msg share_storage]
[2014-09-12 20:08:25][rsp share_storage]
[2014-09-12 20:08:30]PHP_SELF:/muta/index.php
[2014-09-12 20:08:30]start-----------------------------
[2014-09-12 20:08:30]strpos:
[2014-09-12 20:08:30][session_expire]1440
[2014-09-12 20:08:30][cur_time]1410523710
[2014-09-12 20:08:30][last_visit]1410523705
[2014-09-12 20:08:30]end-----------------------------
[2014-09-12 20:08:30][error_msg show_wan]
[2014-09-12 20:08:30][rsp show_wan]
[2014-09-12 20:08:30][error_msg show_wifi_gateway]
[2014-09-12 20:08:30][rsp show_wifi_gateway]
[2014-09-12 20:08:30][error_msg show_wan]
[2014-09-12 20:08:30][rsp show_wan]
[2014-09-12 20:08:30][error_msg wifi_dev_num]
[2014-09-12 20:08:30][rsp wifi_dev_num]
[2014-09-12 20:08:30][error_msg wifi_dev_num]
[2014-09-12 20:08:30][rsp wifi_dev_num]
[2014-09-12 20:08:30][error_msg share_media]
[2014-09-12 20:08:30][rsp share_media]
[2014-09-12 20:08:30][error_msg share_storage]
[2014-09-12 20:08:30][rsp share_storage]
[2014-09-12 20:08:30]PHP_SELF:/muta/operation.php
[2014-09-12 20:08:30]start-----------------------------
[2014-09-12 20:08:30]strpos:
[2014-09-12 20:08:30][session_expire]1440
[2014-09-12 20:08:30][cur_time]1410523710
[2014-09-12 20:08:30][last_visit]1410523705
[2014-09-12 20:08:30]end-----------------------------
[2014-09-12 20:08:30]PHP_SELF:/muta/logout.php
[2014-09-12 20:08:30]PHP_SELF:/muta/login.php
[2014-09-12 20:09:01]PHP_SELF:/muta/login.php
[2014-09-12 20:09:01]PHP_SELF:/muta/index.php
[2014-09-12 20:09:01]start-----------------------------
[2014-09-12 20:09:01]strpos:
[2014-09-12 20:09:01][session_expire]1440
[2014-09-12 20:09:01][cur_time]1410523741
[2014-09-12 20:09:01][last_visit]1410523741
[2014-09-12 20:09:01]end-----------------------------
[2014-09-12 20:09:01]PHP_SELF:/muta/index.php
[2014-09-12 20:09:01]start-----------------------------
[2014-09-12 20:09:01]strpos:
[2014-09-12 20:09:01][session_expire]1440
[2014-09-12 20:09:01][cur_time]1410523741
[2014-09-12 20:09:01][last_visit]1410523741
[2014-09-12 20:09:01]end-----------------------------
[2014-09-12 20:09:01][error_msg show_wan]
[2014-09-12 20:09:01][rsp show_wan]
[2014-09-12 20:09:01][error_msg show_wifi_gateway]
[2014-09-12 20:09:01][rsp show_wifi_gateway]
[2014-09-12 20:09:01][error_msg show_wan]
[2014-09-12 20:09:01][rsp show_wan]
[2014-09-12 20:09:01][error_msg wifi_dev_num]
[2014-09-12 20:09:01][rsp wifi_dev_num]
[2014-09-12 20:09:01][error_msg wifi_dev_num]
[2014-09-12 20:09:01][rsp wifi_dev_num]
[2014-09-12 20:09:01][error_msg share_media]
[2014-09-12 20:09:01][rsp share_media]
[2014-09-12 20:09:01][error_msg share_storage]
[2014-09-12 20:09:01][rsp share_storage]
[2014-09-12 20:09:02]PHP_SELF:/muta/changepwd.php
[2014-09-12 20:09:02]start-----------------------------
[2014-09-12 20:09:02]strpos:
[2014-09-12 20:09:02][session_expire]1440
[2014-09-12 20:09:02][cur_time]1410523742
[2014-09-12 20:09:02][last_visit]1410523741
[2014-09-12 20:09:02]end-----------------------------
[2014-09-12 20:26:26]PHP_SELF:/muta/wiset.php
[2014-09-12 20:26:26]start-----------------------------
[2014-09-12 20:26:26]strpos:
[2014-09-12 20:26:26][session_expire]1440
[2014-09-12 20:26:26][cur_time]1410524786
[2014-09-12 20:26:26][last_visit]1410523742
[2014-09-12 20:26:26]end-----------------------------
[2014-09-12 20:26:26]PHP_SELF:/muta/wiset.php
[2014-09-12 20:26:26]start-----------------------------
[2014-09-12 20:26:26]strpos:
[2014-09-12 20:26:26][session_expire]1440
[2014-09-12 20:26:26][cur_time]1410524786
[2014-09-12 20:26:26][last_visit]1410524786
[2014-09-12 20:26:26]end-----------------------------
[2014-09-12 20:26:26][error_msg]
[2014-09-12 20:26:26][xml]
[2014-09-12 20:35:10]PHP_SELF:/muta/sysup.php
[2014-09-12 20:35:10]start-----------------------------
[2014-09-12 20:35:10]strpos:
[2014-09-12 20:35:10][session_expire]1440
[2014-09-12 20:35:10][cur_time]1410525310
[2014-09-12 20:35:10][last_visit]1410524786
[2014-09-12 20:35:10]end-----------------------------
[2014-09-12 20:35:10]PHP_SELF:/muta/sysup.php
[2014-09-12 20:35:10]start-----------------------------
[2014-09-12 20:35:10]strpos:
[2014-09-12 20:35:10][session_expire]1440
[2014-09-12 20:35:10][cur_time]1410525310
[2014-09-12 20:35:10][last_visit]1410525310
[2014-09-12 20:35:10]end-----------------------------
[2014-09-12 20:35:11]PHP_SELF:/muta/changepwd.php
[2014-09-12 20:35:11]start-----------------------------
[2014-09-12 20:35:11]strpos:
[2014-09-12 20:35:11][session_expire]1440
[2014-09-12 20:35:11][cur_time]1410525311
[2014-09-12 20:35:11][last_visit]1410525310
[2014-09-12 20:35:11]end-----------------------------
[2014-09-12 20:35:12]PHP_SELF:/muta/caset.php
[2014-09-12 20:35:12]start-----------------------------
[2014-09-12 20:35:12]strpos:
[2014-09-12 20:35:12][session_expire]1440
[2014-09-12 20:35:12][cur_time]1410525312
[2014-09-12 20:35:12][last_visit]1410525311
[2014-09-12 20:35:12]end-----------------------------
[2014-09-12 20:35:12]PHP_SELF:/muta/caset.php
[2014-09-12 20:35:12]start-----------------------------
[2014-09-12 20:35:12]strpos:
[2014-09-12 20:35:12][session_expire]1440
[2014-09-12 20:35:12][cur_time]1410525312
[2014-09-12 20:35:12][last_visit]1410525312
[2014-09-12 20:35:12]end-----------------------------
[2014-09-12 20:35:12][3g rsp error_msg]
[2014-09-12 20:35:12][3g rsp xml]
[2014-09-12 20:40:55]PHP_SELF:/muta/wiset.php
[2014-09-12 20:40:55]start-----------------------------
[2014-09-12 20:40:55]strpos:
[2014-09-12 20:40:55][session_expire]1440
[2014-09-12 20:40:55][cur_time]1410525655
[2014-09-12 20:40:55][last_visit]1410525312
[2014-09-12 20:40:55]end-----------------------------
[2014-09-12 20:40:55]PHP_SELF:/muta/wiset.php
[2014-09-12 20:40:55]start-----------------------------
[2014-09-12 20:40:55]strpos:
[2014-09-12 20:40:55][session_expire]1440
[2014-09-12 20:40:55][cur_time]1410525655
[2014-09-12 20:40:55][last_visit]1410525655
[2014-09-12 20:40:55]end-----------------------------
[2014-09-12 20:40:55][error_msg]
[2014-09-12 20:40:55][xml]
[2014-09-12 20:42:19]PHP_SELF:/muta/wiset.php
[2014-09-12 20:42:19]start-----------------------------
[2014-09-12 20:42:19]strpos:
[2014-09-12 20:42:19][session_expire]1440
[2014-09-12 20:42:19][cur_time]1410525739
[2014-09-12 20:42:19][last_visit]1410525655
[2014-09-12 20:42:19]end-----------------------------
[2014-09-12 20:42:19]PHP_SELF:/muta/wiset.php
[2014-09-12 20:42:19]start-----------------------------
[2014-09-12 20:42:19]strpos:
[2014-09-12 20:42:19][session_expire]1440
[2014-09-12 20:42:19][cur_time]1410525739
[2014-09-12 20:42:19][last_visit]1410525739
[2014-09-12 20:42:19]end-----------------------------
[2014-09-12 20:42:19][error_msg]
[2014-09-12 20:42:19][xml]
[2014-09-12 20:42:49]PHP_SELF:/muta/wiset.php
[2014-09-12 20:42:49]start-----------------------------
[2014-09-12 20:42:49]strpos:
[2014-09-12 20:42:49][session_expire]1440
[2014-09-12 20:42:49][cur_time]1410525769
[2014-09-12 20:42:49][last_visit]1410525739
[2014-09-12 20:42:49]end-----------------------------
[2014-09-12 20:42:49]Wifi set input : <wlan_secure action="mod"><group><wlan_name>ath1</wlan_name><ssid_name>asdasdasd</ssid_name><segregate>0</segregate><sec_mode>4</sec_mode><wpa_pwd>adadasdasdasdasd</wpa_pwd></group></wlan_secure>
[2014-09-12 20:43:58]PHP_SELF:/muta/wiset.php
[2014-09-12 20:43:58]start-----------------------------
[2014-09-12 20:43:58]strpos:
[2014-09-12 20:43:58][session_expire]1440
[2014-09-12 20:43:58][cur_time]1410525838
[2014-09-12 20:43:58][last_visit]1410525769
[2014-09-12 20:43:58]end-----------------------------
[2014-09-12 20:43:58]Wifi set input : <wlan_secure action="mod"><group><wlan_name>ath1</wlan_name><ssid_name>asdasdasd</ssid_name><segregate>0</segregate><sec_mode>4</sec_mode><wpa_pwd>adadasdasdasdasd</wpa_pwd></group></wlan_secure>
[2014-09-12 20:44:55]PHP_SELF:/muta/wiset.php
[2014-09-12 20:44:55]start-----------------------------
[2014-09-12 20:44:55]strpos:
[2014-09-12 20:44:55][session_expire]1440
[2014-09-12 20:44:55][cur_time]1410525895
[2014-09-12 20:44:55][last_visit]1410525838
[2014-09-12 20:44:55]end-----------------------------
[2014-09-12 20:44:55]Wifi set input : <wlan_secure action="mod"><group><wlan_name>ath1</wlan_name><ssid_name>asdasdasd</ssid_name><segregate>0</segregate><sec_mode>4</sec_mode><wpa_pwd>adadasdasdasdasd</wpa_pwd></group></wlan_secure>
[2014-09-12 20:45:01]PHP_SELF:/muta/wiset.php
[2014-09-12 20:45:01]start-----------------------------
[2014-09-12 20:45:01]strpos:
[2014-09-12 20:45:01][session_expire]1440
[2014-09-12 20:45:01][cur_time]1410525901
[2014-09-12 20:45:01][last_visit]1410525895
[2014-09-12 20:45:01]end-----------------------------
[2014-09-12 20:45:01]Wifi set input : <wlan_secure action="mod"><group><wlan_name>ath1</wlan_name><ssid_name>asdasdasd</ssid_name><segregate>0</segregate><sec_mode>4</sec_mode><wpa_pwd>adadasdasdasdasd</wpa_pwd></group></wlan_secure>
[2014-09-12 20:45:05]PHP_SELF:/muta/wiset.php
[2014-09-12 20:45:05]start-----------------------------
[2014-09-12 20:45:05]strpos:
[2014-09-12 20:45:05][session_expire]1440
[2014-09-12 20:45:05][cur_time]1410525905
[2014-09-12 20:45:05][last_visit]1410525901
[2014-09-12 20:45:05]end-----------------------------
[2014-09-12 20:45:05]PHP_SELF:/muta/wiset.php
[2014-09-12 20:45:05]start-----------------------------
[2014-09-12 20:45:05]strpos:
[2014-09-12 20:45:05][session_expire]1440
[2014-09-12 20:45:05][cur_time]1410525905
[2014-09-12 20:45:05][last_visit]1410525905
[2014-09-12 20:45:05]end-----------------------------
[2014-09-12 20:45:05][error_msg]
[2014-09-12 20:45:05][xml]
[2014-09-12 20:45:16]PHP_SELF:/muta/wiset.php
[2014-09-12 20:45:16]start-----------------------------
[2014-09-12 20:45:16]strpos:
[2014-09-12 20:45:16][session_expire]1440
[2014-09-12 20:45:16][cur_time]1410525916
[2014-09-12 20:45:16][last_visit]1410525905
[2014-09-12 20:45:16]end-----------------------------
[2014-09-12 20:45:16]Wifi set input : <wlan_secure action="mod"><group><wlan_name>ath1</wlan_name><ssid_name>dasdasd</ssid_name><segregate>1</segregate><sec_mode>3</sec_mode><wpa_pwd>dasdsadasdas</wpa_pwd></group></wlan_secure>
[2014-09-12 20:45:17]PHP_SELF:/muta/logout.php
[2014-09-12 20:45:17]PHP_SELF:/muta/login.php
[2014-09-12 20:45:47]PHP_SELF:/muta/login.php
[2014-09-12 20:45:47]PHP_SELF:/muta/index.php
[2014-09-12 20:45:47]start-----------------------------
[2014-09-12 20:45:47]strpos:
[2014-09-12 20:45:47][session_expire]1440
[2014-09-12 20:45:47][cur_time]1410525947
[2014-09-12 20:45:47][last_visit]1410525947
[2014-09-12 20:45:47]end-----------------------------
[2014-09-12 20:45:47]PHP_SELF:/muta/index.php
[2014-09-12 20:45:47]start-----------------------------
[2014-09-12 20:45:47]strpos:
[2014-09-12 20:45:47][session_expire]1440
[2014-09-12 20:45:47][cur_time]1410525947
[2014-09-12 20:45:47][last_visit]1410525947
[2014-09-12 20:45:47]end-----------------------------
[2014-09-12 20:45:47][error_msg show_wan]
[2014-09-12 20:45:47][rsp show_wan]
[2014-09-12 20:45:47][error_msg show_wifi_gateway]
[2014-09-12 20:45:47][rsp show_wifi_gateway]
[2014-09-12 20:45:47][error_msg show_wan]
[2014-09-12 20:45:47][rsp show_wan]
[2014-09-12 20:45:47][error_msg wifi_dev_num]
[2014-09-12 20:45:47][rsp wifi_dev_num]
[2014-09-12 20:45:47][error_msg wifi_dev_num]
[2014-09-12 20:45:47][rsp wifi_dev_num]
[2014-09-12 20:45:47][error_msg share_media]
[2014-09-12 20:45:47][rsp share_media]
[2014-09-12 20:45:47][error_msg share_storage]
[2014-09-12 20:45:47][rsp share_storage]
[2014-09-12 20:45:52]PHP_SELF:/muta/index.php
[2014-09-12 20:45:52]start-----------------------------
[2014-09-12 20:45:52]strpos:
[2014-09-12 20:45:52][session_expire]1440
[2014-09-12 20:45:52][cur_time]1410525952
[2014-09-12 20:45:52][last_visit]1410525947
[2014-09-12 20:45:52]end-----------------------------
[2014-09-12 20:45:52][error_msg show_wan]
[2014-09-12 20:45:52][rsp show_wan]
[2014-09-12 20:45:52][error_msg show_wifi_gateway]
[2014-09-12 20:45:52][rsp show_wifi_gateway]
[2014-09-12 20:45:52][error_msg show_wan]
[2014-09-12 20:45:52][rsp show_wan]
[2014-09-12 20:45:52][error_msg wifi_dev_num]
[2014-09-12 20:45:52][rsp wifi_dev_num]
[2014-09-12 20:45:52][error_msg wifi_dev_num]
[2014-09-12 20:45:52][rsp wifi_dev_num]
[2014-09-12 20:45:52][error_msg share_media]
[2014-09-12 20:45:52][rsp share_media]
[2014-09-12 20:45:52][error_msg share_storage]
[2014-09-12 20:45:52][rsp share_storage]
[2014-09-12 20:45:57]PHP_SELF:/muta/index.php
[2014-09-12 20:45:57]start-----------------------------
[2014-09-12 20:45:57]strpos:
[2014-09-12 20:45:57][session_expire]1440
[2014-09-12 20:45:57][cur_time]1410525957
[2014-09-12 20:45:57][last_visit]1410525947
[2014-09-12 20:45:57]end-----------------------------
[2014-09-12 20:45:57][error_msg show_wan]
[2014-09-12 20:45:57][rsp show_wan]
[2014-09-12 20:45:57][error_msg show_wifi_gateway]
[2014-09-12 20:45:57][rsp show_wifi_gateway]
[2014-09-12 20:45:57][error_msg show_wan]
[2014-09-12 20:45:57][rsp show_wan]
[2014-09-12 20:45:57][error_msg wifi_dev_num]
[2014-09-12 20:45:57][rsp wifi_dev_num]
[2014-09-12 20:45:57][error_msg wifi_dev_num]
[2014-09-12 20:45:57][rsp wifi_dev_num]
[2014-09-12 20:45:57][error_msg share_media]
[2014-09-12 20:45:57][rsp share_media]
[2014-09-12 20:45:57][error_msg share_storage]
[2014-09-12 20:45:57][rsp share_storage]
[2014-09-12 20:46:02]PHP_SELF:/muta/index.php
[2014-09-12 20:46:02]start-----------------------------
[2014-09-12 20:46:02]strpos:
[2014-09-12 20:46:02][session_expire]1440
[2014-09-12 20:46:02][cur_time]1410525962
[2014-09-12 20:46:02][last_visit]1410525947
[2014-09-12 20:46:02]end-----------------------------
[2014-09-12 20:46:02][error_msg show_wan]
[2014-09-12 20:46:02][rsp show_wan]
[2014-09-12 20:46:02][error_msg show_wifi_gateway]
[2014-09-12 20:46:02][rsp show_wifi_gateway]
[2014-09-12 20:46:02][error_msg show_wan]
[2014-09-12 20:46:02][rsp show_wan]
[2014-09-12 20:46:02][error_msg wifi_dev_num]
[2014-09-12 20:46:02][rsp wifi_dev_num]
[2014-09-12 20:46:02][error_msg wifi_dev_num]
[2014-09-12 20:46:02][rsp wifi_dev_num]
[2014-09-12 20:46:02][error_msg share_media]
[2014-09-12 20:46:02][rsp share_media]
[2014-09-12 20:46:02][error_msg share_storage]
[2014-09-12 20:46:02][rsp share_storage]
[2014-09-12 20:46:07]PHP_SELF:/muta/index.php
[2014-09-12 20:46:07]start-----------------------------
[2014-09-12 20:46:07]strpos:
[2014-09-12 20:46:07][session_expire]1440
[2014-09-12 20:46:07][cur_time]1410525967
[2014-09-12 20:46:07][last_visit]1410525947
[2014-09-12 20:46:07]end-----------------------------
[2014-09-12 20:46:07][error_msg show_wan]
[2014-09-12 20:46:07][rsp show_wan]
[2014-09-12 20:46:07][error_msg show_wifi_gateway]
[2014-09-12 20:46:07][rsp show_wifi_gateway]
[2014-09-12 20:46:07][error_msg show_wan]
[2014-09-12 20:46:07][rsp show_wan]
[2014-09-12 20:46:07][error_msg wifi_dev_num]
[2014-09-12 20:46:07][rsp wifi_dev_num]
[2014-09-12 20:46:07][error_msg wifi_dev_num]
[2014-09-12 20:46:07][rsp wifi_dev_num]
[2014-09-12 20:46:07][error_msg share_media]
[2014-09-12 20:46:07][rsp share_media]
[2014-09-12 20:46:07][error_msg share_storage]
[2014-09-12 20:46:07][rsp share_storage]
[2014-09-12 20:46:12]PHP_SELF:/muta/index.php
[2014-09-12 20:46:12]start-----------------------------
[2014-09-12 20:46:12]strpos:
[2014-09-12 20:46:12][session_expire]1440
[2014-09-12 20:46:12][cur_time]1410525972
[2014-09-12 20:46:12][last_visit]1410525947
[2014-09-12 20:46:12]end-----------------------------
[2014-09-12 20:46:12][error_msg show_wan]
[2014-09-12 20:46:12][rsp show_wan]
[2014-09-12 20:46:12][error_msg show_wifi_gateway]
[2014-09-12 20:46:12][rsp show_wifi_gateway]
[2014-09-12 20:46:12][error_msg show_wan]
[2014-09-12 20:46:12][rsp show_wan]
[2014-09-12 20:46:12][error_msg wifi_dev_num]
[2014-09-12 20:46:12][rsp wifi_dev_num]
[2014-09-12 20:46:12][error_msg wifi_dev_num]
[2014-09-12 20:46:12][rsp wifi_dev_num]
[2014-09-12 20:46:12][error_msg share_media]
[2014-09-12 20:46:12][rsp share_media]
[2014-09-12 20:46:12][error_msg share_storage]
[2014-09-12 20:46:12][rsp share_storage]
[2014-09-12 20:46:14]PHP_SELF:/muta/caset.php
[2014-09-12 20:46:14]start-----------------------------
[2014-09-12 20:46:14]strpos:
[2014-09-12 20:46:14][session_expire]1440
[2014-09-12 20:46:14][cur_time]1410525974
[2014-09-12 20:46:14][last_visit]1410525947
[2014-09-12 20:46:14]end-----------------------------
[2014-09-12 20:46:14]PHP_SELF:/muta/caset.php
[2014-09-12 20:46:14]start-----------------------------
[2014-09-12 20:46:14]strpos:
[2014-09-12 20:46:14][session_expire]1440
[2014-09-12 20:46:14][cur_time]1410525974
[2014-09-12 20:46:14][last_visit]1410525974
[2014-09-12 20:46:14]end-----------------------------
[2014-09-12 20:46:14][3g rsp error_msg]
[2014-09-12 20:46:14][3g rsp xml]
[2014-09-12 20:46:21]PHP_SELF:/muta/cardup.php
[2014-09-12 20:46:21]start-----------------------------
[2014-09-12 20:46:21]strpos:
[2014-09-12 20:46:21][session_expire]1440
[2014-09-12 20:46:21][cur_time]1410525981
[2014-09-12 20:46:21][last_visit]1410525974
[2014-09-12 20:46:21]end-----------------------------
[2014-09-12 20:46:21]PHP_SELF:/muta/cardup.php
[2014-09-12 20:46:21]start-----------------------------
[2014-09-12 20:46:21]strpos:
[2014-09-12 20:46:21][session_expire]1440
[2014-09-12 20:46:21][cur_time]1410525981
[2014-09-12 20:46:21][last_visit]1410525981
[2014-09-12 20:46:21]end-----------------------------
[2014-09-12 20:46:55]PHP_SELF:/muta/caset.php
[2014-09-12 20:46:55]start-----------------------------
[2014-09-12 20:46:55]strpos:
[2014-09-12 20:46:55][session_expire]1440
[2014-09-12 20:46:55][cur_time]1410526015
[2014-09-12 20:46:55][last_visit]1410525981
[2014-09-12 20:46:55]end-----------------------------
[2014-09-12 20:46:55]PHP_SELF:/muta/caset.php
[2014-09-12 20:46:55]start-----------------------------
[2014-09-12 20:46:55]strpos:
[2014-09-12 20:46:55][session_expire]1440
[2014-09-12 20:46:55][cur_time]1410526015
[2014-09-12 20:46:55][last_visit]1410526015
[2014-09-12 20:46:55]end-----------------------------
[2014-09-12 20:46:55][3g rsp error_msg]
[2014-09-12 20:46:55][3g rsp xml]
[2014-09-12 20:46:58]PHP_SELF:/muta/cardup.php
[2014-09-12 20:46:58]start-----------------------------
[2014-09-12 20:46:58]strpos:
[2014-09-12 20:46:58][session_expire]1440
[2014-09-12 20:46:58][cur_time]1410526018
[2014-09-12 20:46:58][last_visit]1410526015
[2014-09-12 20:46:58]end-----------------------------
[2014-09-12 20:46:58]PHP_SELF:/muta/cardup.php
[2014-09-12 20:46:58]start-----------------------------
[2014-09-12 20:46:58]strpos:
[2014-09-12 20:46:58][session_expire]1440
[2014-09-12 20:46:58][cur_time]1410526018
[2014-09-12 20:46:58][last_visit]1410526018
[2014-09-12 20:46:58]end-----------------------------
[2014-09-12 20:47:23]PHP_SELF:/muta/cardup.php
[2014-09-12 20:47:23]start-----------------------------
[2014-09-12 20:47:23]strpos:
[2014-09-12 20:47:23][session_expire]1440
[2014-09-12 20:47:23][cur_time]1410526043
[2014-09-12 20:47:23][last_visit]1410526018
[2014-09-12 20:47:23]end-----------------------------
[2014-09-12 20:47:23]1410526043
[2014-09-12 20:48:00]PHP_SELF:/muta/cardup.php
[2014-09-12 20:48:00]start-----------------------------
[2014-09-12 20:48:00]strpos:
[2014-09-12 20:48:00][session_expire]1440
[2014-09-12 20:48:00][cur_time]1410526080
[2014-09-12 20:48:00][last_visit]1410526043
[2014-09-12 20:48:00]end-----------------------------
[2014-09-12 20:48:00]1410526080
[2014-09-12 20:48:00]upload  file   size:1105
[2014-09-12 20:48:00]D:/phpwww/muta/upload/aa.con
[2014-09-12 20:48:06]PHP_SELF:/muta/sysup.php
[2014-09-12 20:48:06]start-----------------------------
[2014-09-12 20:48:06]strpos:
[2014-09-12 20:48:06][session_expire]1440
[2014-09-12 20:48:06][cur_time]1410526086
[2014-09-12 20:48:06][last_visit]1410526080
[2014-09-12 20:48:06]end-----------------------------
[2014-09-12 20:48:06]PHP_SELF:/muta/sysup.php
[2014-09-12 20:48:07]start-----------------------------
[2014-09-12 20:48:07]strpos:
[2014-09-12 20:48:07][session_expire]1440
[2014-09-12 20:48:07][cur_time]1410526087
[2014-09-12 20:48:07][last_visit]1410526086
[2014-09-12 20:48:07]end-----------------------------
[2014-09-12 20:48:12]PHP_SELF:/muta/sysup.php
[2014-09-12 20:48:12]start-----------------------------
[2014-09-12 20:48:12]strpos:
[2014-09-12 20:48:12][session_expire]1440
[2014-09-12 20:48:12][cur_time]1410526092
[2014-09-12 20:48:12][last_visit]1410526087
[2014-09-12 20:48:12]end-----------------------------
[2014-09-12 20:48:12]1410526092
[2014-09-12 20:48:12]upload  file   size:1105
[2014-09-12 20:48:12]D:/phpwww/muta/upload/aa.con
[2014-09-12 20:48:14]PHP_SELF:/muta/operation.php
[2014-09-12 20:48:14]start-----------------------------
[2014-09-12 20:48:14]strpos:
[2014-09-12 20:48:14][session_expire]1440
[2014-09-12 20:48:14][cur_time]1410526094
[2014-09-12 20:48:14][last_visit]1410526092
[2014-09-12 20:48:14]end-----------------------------
[2014-09-12 20:48:14][sysup fpath]D:/phpwww/muta/upload/aa.con
[2014-09-12 21:00:27]PHP_SELF:/muta/sysup.php
[2014-09-12 21:00:27]start-----------------------------
[2014-09-12 21:00:27]strpos:
[2014-09-12 21:00:27][session_expire]1440
[2014-09-12 21:00:27][cur_time]1410526827
[2014-09-12 21:00:27][last_visit]1410526094
[2014-09-12 21:00:27]end-----------------------------
[2014-09-12 21:00:27]PHP_SELF:/muta/sysup.php
[2014-09-12 21:00:27]start-----------------------------
[2014-09-12 21:00:27]strpos:
[2014-09-12 21:00:27][session_expire]1440
[2014-09-12 21:00:27][cur_time]1410526827
[2014-09-12 21:00:27][last_visit]1410526827
[2014-09-12 21:00:27]end-----------------------------
[2014-09-12 21:00:32]PHP_SELF:/muta/wiset.php
[2014-09-12 21:00:32]start-----------------------------
[2014-09-12 21:00:32]strpos:
[2014-09-12 21:00:32][session_expire]1440
[2014-09-12 21:00:32][cur_time]1410526832
[2014-09-12 21:00:32][last_visit]1410526827
[2014-09-12 21:00:32]end-----------------------------
[2014-09-12 21:00:33]PHP_SELF:/muta/wiset.php
[2014-09-12 21:00:33]start-----------------------------
[2014-09-12 21:00:33]strpos:
[2014-09-12 21:00:33][session_expire]1440
[2014-09-12 21:00:33][cur_time]1410526833
[2014-09-12 21:00:33][last_visit]1410526832
[2014-09-12 21:00:33]end-----------------------------
[2014-09-12 21:00:33][error_msg]
[2014-09-12 21:00:33][xml]
[2014-09-12 21:00:34]PHP_SELF:/muta/caset.php
[2014-09-12 21:00:34]start-----------------------------
[2014-09-12 21:00:34]strpos:
[2014-09-12 21:00:34][session_expire]1440
[2014-09-12 21:00:34][cur_time]1410526834
[2014-09-12 21:00:34][last_visit]1410526833
[2014-09-12 21:00:34]end-----------------------------
[2014-09-12 21:00:34]PHP_SELF:/muta/caset.php
[2014-09-12 21:00:34]start-----------------------------
[2014-09-12 21:00:34]strpos:
[2014-09-12 21:00:34][session_expire]1440
[2014-09-12 21:00:34][cur_time]1410526834
[2014-09-12 21:00:34][last_visit]1410526834
[2014-09-12 21:00:34]end-----------------------------
[2014-09-12 21:00:34][3g rsp error_msg]
[2014-09-12 21:00:34][3g rsp xml]
[2014-09-12 21:00:37]PHP_SELF:/muta/waset.php
[2014-09-12 21:00:37]start-----------------------------
[2014-09-12 21:00:37]strpos:
[2014-09-12 21:00:37][session_expire]1440
[2014-09-12 21:00:37][cur_time]1410526837
[2014-09-12 21:00:37][last_visit]1410526834
[2014-09-12 21:00:37]end-----------------------------
[2014-09-12 21:00:37]PHP_SELF:/muta/waset.php
[2014-09-12 21:00:37]start-----------------------------
[2014-09-12 21:00:37]strpos:
[2014-09-12 21:00:37][session_expire]1440
[2014-09-12 21:00:37][cur_time]1410526837
[2014-09-12 21:00:37][last_visit]1410526837
[2014-09-12 21:00:37]end-----------------------------
[2014-09-12 21:00:37][wan rsp error_msg]
[2014-09-12 21:00:37][wan rsp xml]
[2014-09-12 21:00:40]PHP_SELF:/muta/wiset.php
[2014-09-12 21:00:40]start-----------------------------
[2014-09-12 21:00:40]strpos:
[2014-09-12 21:00:40][session_expire]1440
[2014-09-12 21:00:40][cur_time]1410526840
[2014-09-12 21:00:40][last_visit]1410526837
[2014-09-12 21:00:40]end-----------------------------
[2014-09-12 21:00:40]PHP_SELF:/muta/wiset.php
[2014-09-12 21:00:40]start-----------------------------
[2014-09-12 21:00:40]strpos:
[2014-09-12 21:00:40][session_expire]1440
[2014-09-12 21:00:40][cur_time]1410526840
[2014-09-12 21:00:40][last_visit]1410526840
[2014-09-12 21:00:40]end-----------------------------
[2014-09-12 21:00:40][error_msg]
[2014-09-12 21:00:40][xml]
[2014-09-12 21:00:47]PHP_SELF:/muta/caset.php
[2014-09-12 21:00:47]start-----------------------------
[2014-09-12 21:00:47]strpos:
[2014-09-12 21:00:47][session_expire]1440
[2014-09-12 21:00:47][cur_time]1410526847
[2014-09-12 21:00:47][last_visit]1410526840
[2014-09-12 21:00:47]end-----------------------------
[2014-09-12 21:00:47]PHP_SELF:/muta/caset.php
[2014-09-12 21:00:47]start-----------------------------
[2014-09-12 21:00:47]strpos:
[2014-09-12 21:00:47][session_expire]1440
[2014-09-12 21:00:47][cur_time]1410526847
[2014-09-12 21:00:47][last_visit]1410526847
[2014-09-12 21:00:47]end-----------------------------
[2014-09-12 21:00:47][3g rsp error_msg]
[2014-09-12 21:00:47][3g rsp xml]
[2014-09-12 21:00:49]PHP_SELF:/muta/cardup.php
[2014-09-12 21:00:49]start-----------------------------
[2014-09-12 21:00:49]strpos:
[2014-09-12 21:00:49][session_expire]1440
[2014-09-12 21:00:49][cur_time]1410526849
[2014-09-12 21:00:49][last_visit]1410526847
[2014-09-12 21:00:49]end-----------------------------
[2014-09-12 21:00:49]PHP_SELF:/muta/cardup.php
[2014-09-12 21:00:49]start-----------------------------
[2014-09-12 21:00:49]strpos:
[2014-09-12 21:00:49][session_expire]1440
[2014-09-12 21:00:49][cur_time]1410526849
[2014-09-12 21:00:49][last_visit]1410526849
[2014-09-12 21:00:49]end-----------------------------
[2014-09-12 21:01:32]PHP_SELF:/muta/cardup.php
[2014-09-12 21:01:32]start-----------------------------
[2014-09-12 21:01:32]strpos:
[2014-09-12 21:01:32][session_expire]1440
[2014-09-12 21:01:32][cur_time]1410526892
[2014-09-12 21:01:32][last_visit]1410526849
[2014-09-12 21:01:32]end-----------------------------
[2014-09-12 21:01:32]1410526892
[2014-09-12 21:01:32]upload  file   size:1105
[2014-09-12 21:01:32]D:/phpwww/muta/upload/aa.con
[2014-09-12 21:01:34]PHP_SELF:/muta/operation.php
[2014-09-12 21:01:34]start-----------------------------
[2014-09-12 21:01:34]strpos:
[2014-09-12 21:01:34][session_expire]1440
[2014-09-12 21:01:34][cur_time]1410526894
[2014-09-12 21:01:34][last_visit]1410526892
[2014-09-12 21:01:34]end-----------------------------
[2014-09-12 21:01:34][sysup fpath]D:/phpwww/muta/upload/aa.con
[2014-09-12 21:03:46]PHP_SELF:/muta/sysup.php
[2014-09-12 21:03:46]start-----------------------------
[2014-09-12 21:03:46]strpos:
[2014-09-12 21:03:46][session_expire]1440
[2014-09-12 21:03:46][cur_time]1410527026
[2014-09-12 21:03:46][last_visit]1410526894
[2014-09-12 21:03:46]end-----------------------------
[2014-09-12 21:03:46]PHP_SELF:/muta/sysup.php
[2014-09-12 21:03:46]start-----------------------------
[2014-09-12 21:03:46]strpos:
[2014-09-12 21:03:46][session_expire]1440
[2014-09-12 21:03:46][cur_time]1410527026
[2014-09-12 21:03:46][last_visit]1410527026
[2014-09-12 21:03:46]end-----------------------------
[2014-09-12 21:06:38]PHP_SELF:/muta/sysup.php
[2014-09-12 21:06:38]start-----------------------------
[2014-09-12 21:06:38]strpos:
[2014-09-12 21:06:38][session_expire]1440
[2014-09-12 21:06:38][cur_time]1410527198
[2014-09-12 21:06:38][last_visit]1410527026
[2014-09-12 21:06:38]end-----------------------------
[2014-09-12 21:06:38]PHP_SELF:/muta/sysup.php
[2014-09-12 21:06:38]start-----------------------------
[2014-09-12 21:06:38]strpos:
[2014-09-12 21:06:38][session_expire]1440
[2014-09-12 21:06:38][cur_time]1410527198
[2014-09-12 21:06:38][last_visit]1410527198
[2014-09-12 21:06:38]end-----------------------------
[2014-09-12 21:06:44]PHP_SELF:/muta/sysup.php
[2014-09-12 21:06:44]start-----------------------------
[2014-09-12 21:06:44]strpos:
[2014-09-12 21:06:44][session_expire]1440
[2014-09-12 21:06:44][cur_time]1410527204
[2014-09-12 21:06:44][last_visit]1410527198
[2014-09-12 21:06:44]end-----------------------------
[2014-09-12 21:06:44]PHP_SELF:/muta/sysup.php
[2014-09-12 21:06:44]start-----------------------------
[2014-09-12 21:06:44]strpos:
[2014-09-12 21:06:44][session_expire]1440
[2014-09-12 21:06:44][cur_time]1410527204
[2014-09-12 21:06:44][last_visit]1410527204
[2014-09-12 21:06:44]end-----------------------------
[2014-09-12 21:07:51]PHP_SELF:/muta/caset.php
[2014-09-12 21:07:51]start-----------------------------
[2014-09-12 21:07:51]strpos:
[2014-09-12 21:07:51][session_expire]1440
[2014-09-12 21:07:51][cur_time]1410527271
[2014-09-12 21:07:51][last_visit]1410527204
[2014-09-12 21:07:51]end-----------------------------
[2014-09-12 21:07:51]PHP_SELF:/muta/caset.php
[2014-09-12 21:07:51]start-----------------------------
[2014-09-12 21:07:51]strpos:
[2014-09-12 21:07:51][session_expire]1440
[2014-09-12 21:07:51][cur_time]1410527271
[2014-09-12 21:07:51][last_visit]1410527271
[2014-09-12 21:07:51]end-----------------------------
[2014-09-12 21:07:51][3g rsp error_msg]
[2014-09-12 21:07:51][3g rsp xml]
[2014-09-12 21:10:40]PHP_SELF:/muta/wiset.php
[2014-09-12 21:10:40]start-----------------------------
[2014-09-12 21:10:40]strpos:
[2014-09-12 21:10:40][session_expire]1440
[2014-09-12 21:10:40][cur_time]1410527440
[2014-09-12 21:10:40][last_visit]1410527271
[2014-09-12 21:10:40]end-----------------------------
[2014-09-12 21:10:40]PHP_SELF:/muta/wiset.php
[2014-09-12 21:10:40]start-----------------------------
[2014-09-12 21:10:40]strpos:
[2014-09-12 21:10:40][session_expire]1440
[2014-09-12 21:10:40][cur_time]1410527440
[2014-09-12 21:10:40][last_visit]1410527440
[2014-09-12 21:10:40]end-----------------------------
[2014-09-12 21:10:40][error_msg]
[2014-09-12 21:10:40][xml]
[2014-09-12 21:10:41]PHP_SELF:/muta/caset.php
[2014-09-12 21:10:41]start-----------------------------
[2014-09-12 21:10:41]strpos:
[2014-09-12 21:10:41][session_expire]1440
[2014-09-12 21:10:41][cur_time]1410527441
[2014-09-12 21:10:41][last_visit]1410527440
[2014-09-12 21:10:41]end-----------------------------
[2014-09-12 21:10:41]PHP_SELF:/muta/caset.php
[2014-09-12 21:10:41]start-----------------------------
[2014-09-12 21:10:41]strpos:
[2014-09-12 21:10:41][session_expire]1440
[2014-09-12 21:10:41][cur_time]1410527441
[2014-09-12 21:10:41][last_visit]1410527441
[2014-09-12 21:10:41]end-----------------------------
[2014-09-12 21:10:41][3g rsp error_msg]
[2014-09-12 21:10:41][3g rsp xml]
[2014-09-12 21:10:45]PHP_SELF:/muta/waset.php
[2014-09-12 21:10:45]start-----------------------------
[2014-09-12 21:10:45]strpos:
[2014-09-12 21:10:45][session_expire]1440
[2014-09-12 21:10:45][cur_time]1410527445
[2014-09-12 21:10:45][last_visit]1410527441
[2014-09-12 21:10:45]end-----------------------------
[2014-09-12 21:10:45]PHP_SELF:/muta/waset.php
[2014-09-12 21:10:45]start-----------------------------
[2014-09-12 21:10:45]strpos:
[2014-09-12 21:10:45][session_expire]1440
[2014-09-12 21:10:45][cur_time]1410527445
[2014-09-12 21:10:45][last_visit]1410527445
[2014-09-12 21:10:45]end-----------------------------
[2014-09-12 21:10:45][wan rsp error_msg]
[2014-09-12 21:10:45][wan rsp xml]
[2014-09-12 21:10:47]PHP_SELF:/muta/caset.php
[2014-09-12 21:10:47]start-----------------------------
[2014-09-12 21:10:47]strpos:
[2014-09-12 21:10:47][session_expire]1440
[2014-09-12 21:10:47][cur_time]1410527447
[2014-09-12 21:10:47][last_visit]1410527445
[2014-09-12 21:10:47]end-----------------------------
[2014-09-12 21:10:47]PHP_SELF:/muta/caset.php
[2014-09-12 21:10:47]start-----------------------------
[2014-09-12 21:10:47]strpos:
[2014-09-12 21:10:47][session_expire]1440
[2014-09-12 21:10:47][cur_time]1410527447
[2014-09-12 21:10:47][last_visit]1410527447
[2014-09-12 21:10:47]end-----------------------------
[2014-09-12 21:10:47][3g rsp error_msg]
[2014-09-12 21:10:47][3g rsp xml]
[2014-09-12 21:10:48]PHP_SELF:/muta/wiset.php
[2014-09-12 21:10:48]start-----------------------------
[2014-09-12 21:10:48]strpos:
[2014-09-12 21:10:48][session_expire]1440
[2014-09-12 21:10:48][cur_time]1410527448
[2014-09-12 21:10:48][last_visit]1410527447
[2014-09-12 21:10:48]end-----------------------------
[2014-09-12 21:10:48]PHP_SELF:/muta/wiset.php
[2014-09-12 21:10:48]start-----------------------------
[2014-09-12 21:10:48]strpos:
[2014-09-12 21:10:48][session_expire]1440
[2014-09-12 21:10:48][cur_time]1410527448
[2014-09-12 21:10:48][last_visit]1410527448
[2014-09-12 21:10:48]end-----------------------------
[2014-09-12 21:10:48][error_msg]
[2014-09-12 21:10:48][xml]
[2014-09-12 21:10:50]PHP_SELF:/muta/wiset.php
[2014-09-12 21:10:50]start-----------------------------
[2014-09-12 21:10:50]strpos:
[2014-09-12 21:10:50][session_expire]1440
[2014-09-12 21:10:50][cur_time]1410527450
[2014-09-12 21:10:50][last_visit]1410527448
[2014-09-12 21:10:50]end-----------------------------
[2014-09-12 21:10:50]PHP_SELF:/muta/wiset.php
[2014-09-12 21:10:50]start-----------------------------
[2014-09-12 21:10:50]strpos:
[2014-09-12 21:10:50][session_expire]1440
[2014-09-12 21:10:50][cur_time]1410527450
[2014-09-12 21:10:50][last_visit]1410527450
[2014-09-12 21:10:50]end-----------------------------
[2014-09-12 21:10:50][error_msg]
[2014-09-12 21:10:50][xml]
